

============================== 2023-04-07 16:24:35.144232 | 417e75fb-5438-45de-827e-c994cbcf3b94 ==============================
[0m16:24:35.144232 [info ] [MainThread]: Running with dbt=1.4.5
[0m16:24:35.149196 [debug] [MainThread]: running dbt with arguments {'write_json': True, 'use_colors': True, 'printer_width': 80, 'version_check': True, 'partial_parse': True, 'static_parser': True, 'profiles_dir': '/root/.dbt', 'send_anonymous_usage_stats': True, 'quiet': False, 'no_print': False, 'cache_selected_only': False, 'config_dir': False, 'which': 'debug', 'indirect_selection': 'eager'}
[0m16:24:35.150754 [debug] [MainThread]: Tracking: tracking
[0m16:24:35.167879 [debug] [MainThread]: Sending event: {'category': 'dbt', 'action': 'invocation', 'label': 'start', 'context': [<snowplow_tracker.self_describing_json.SelfDescribingJson object at 0x7f4d50c78460>, <snowplow_tracker.self_describing_json.SelfDescribingJson object at 0x7f4d50c78df0>, <snowplow_tracker.self_describing_json.SelfDescribingJson object at 0x7f4d50c78fd0>]}
[0m16:24:35.636617 [debug] [MainThread]: Executing "git --help"
[0m16:24:35.646934 [debug] [MainThread]: STDOUT: "b"usage: git [--version] [--help] [-C <path>] [-c <name>=<value>]\n           [--exec-path[=<path>]] [--html-path] [--man-path] [--info-path]\n           [-p | --paginate | -P | --no-pager] [--no-replace-objects] [--bare]\n           [--git-dir=<path>] [--work-tree=<path>] [--namespace=<name>]\n           <command> [<args>]\n\nThese are common Git commands used in various situations:\n\nstart a working area (see also: git help tutorial)\n   clone             Clone a repository into a new directory\n   init              Create an empty Git repository or reinitialize an existing one\n\nwork on the current change (see also: git help everyday)\n   add               Add file contents to the index\n   mv                Move or rename a file, a directory, or a symlink\n   restore           Restore working tree files\n   rm                Remove files from the working tree and from the index\n   sparse-checkout   Initialize and modify the sparse-checkout\n\nexamine the history and state (see also: git help revisions)\n   bisect            Use binary search to find the commit that introduced a bug\n   diff              Show changes between commits, commit and working tree, etc\n   grep              Print lines matching a pattern\n   log               Show commit logs\n   show              Show various types of objects\n   status            Show the working tree status\n\ngrow, mark and tweak your common history\n   branch            List, create, or delete branches\n   commit            Record changes to the repository\n   merge             Join two or more development histories together\n   rebase            Reapply commits on top of another base tip\n   reset             Reset current HEAD to the specified state\n   switch            Switch branches\n   tag               Create, list, delete or verify a tag object signed with GPG\n\ncollaborate (see also: git help workflows)\n   fetch             Download objects and refs from another repository\n   pull              Fetch from and integrate with another repository or a local branch\n   push              Update remote refs along with associated objects\n\n'git help -a' and 'git help -g' list available subcommands and some\nconcept guides. See 'git help <command>' or 'git help <concept>'\nto read about a specific subcommand or concept.\nSee 'git help git' for an overview of the system.\n""
[0m16:24:35.648668 [debug] [MainThread]: STDERR: "b''"
[0m16:24:35.653436 [debug] [MainThread]: Acquiring new redshift connection 'debug'
[0m16:24:35.655096 [debug] [MainThread]: Using redshift connection "debug"
[0m16:24:35.657868 [debug] [MainThread]: On debug: select 1 as id
[0m16:24:35.659554 [debug] [MainThread]: Opening a new connection, currently in state init
[0m16:24:35.661269 [debug] [MainThread]: Redshift adapter: Connecting to Redshift using 'database' credentials
[0m16:24:36.291407 [debug] [MainThread]: SQL status: SELECT in 1 seconds
[0m16:24:36.294422 [debug] [MainThread]: On debug: Close
[0m16:24:36.296830 [debug] [MainThread]: Sending event: {'category': 'dbt', 'action': 'invocation', 'label': 'end', 'context': [<snowplow_tracker.self_describing_json.SelfDescribingJson object at 0x7f4d4efd8100>, <snowplow_tracker.self_describing_json.SelfDescribingJson object at 0x7f4d4efd84c0>, <snowplow_tracker.self_describing_json.SelfDescribingJson object at 0x7f4d4efd8280>]}
[0m16:24:36.298680 [debug] [MainThread]: Flushing usage events
[0m16:24:37.126273 [debug] [MainThread]: Connection 'debug' was properly closed.


============================== 2023-04-07 17:30:23.071521 | bdb06733-c274-451c-8a14-72791e1bf70f ==============================
[0m17:30:23.071521 [info ] [MainThread]: Running with dbt=1.4.5
[0m17:30:23.076240 [debug] [MainThread]: running dbt with arguments {'write_json': True, 'use_colors': True, 'printer_width': 80, 'version_check': True, 'partial_parse': True, 'static_parser': True, 'profiles_dir': '/root/.dbt', 'send_anonymous_usage_stats': True, 'quiet': False, 'no_print': False, 'cache_selected_only': False, 'config_dir': False, 'which': 'debug', 'indirect_selection': 'eager'}
[0m17:30:23.077504 [debug] [MainThread]: Tracking: tracking
[0m17:30:23.119434 [debug] [MainThread]: Sending event: {'category': 'dbt', 'action': 'invocation', 'label': 'start', 'context': [<snowplow_tracker.self_describing_json.SelfDescribingJson object at 0x7fc183c25430>, <snowplow_tracker.self_describing_json.SelfDescribingJson object at 0x7fc183c25af0>, <snowplow_tracker.self_describing_json.SelfDescribingJson object at 0x7fc183c257c0>]}
[0m17:30:23.694408 [debug] [MainThread]: Executing "git --help"
[0m17:30:23.705265 [debug] [MainThread]: STDOUT: "b"usage: git [--version] [--help] [-C <path>] [-c <name>=<value>]\n           [--exec-path[=<path>]] [--html-path] [--man-path] [--info-path]\n           [-p | --paginate | -P | --no-pager] [--no-replace-objects] [--bare]\n           [--git-dir=<path>] [--work-tree=<path>] [--namespace=<name>]\n           <command> [<args>]\n\nThese are common Git commands used in various situations:\n\nstart a working area (see also: git help tutorial)\n   clone             Clone a repository into a new directory\n   init              Create an empty Git repository or reinitialize an existing one\n\nwork on the current change (see also: git help everyday)\n   add               Add file contents to the index\n   mv                Move or rename a file, a directory, or a symlink\n   restore           Restore working tree files\n   rm                Remove files from the working tree and from the index\n   sparse-checkout   Initialize and modify the sparse-checkout\n\nexamine the history and state (see also: git help revisions)\n   bisect            Use binary search to find the commit that introduced a bug\n   diff              Show changes between commits, commit and working tree, etc\n   grep              Print lines matching a pattern\n   log               Show commit logs\n   show              Show various types of objects\n   status            Show the working tree status\n\ngrow, mark and tweak your common history\n   branch            List, create, or delete branches\n   commit            Record changes to the repository\n   merge             Join two or more development histories together\n   rebase            Reapply commits on top of another base tip\n   reset             Reset current HEAD to the specified state\n   switch            Switch branches\n   tag               Create, list, delete or verify a tag object signed with GPG\n\ncollaborate (see also: git help workflows)\n   fetch             Download objects and refs from another repository\n   pull              Fetch from and integrate with another repository or a local branch\n   push              Update remote refs along with associated objects\n\n'git help -a' and 'git help -g' list available subcommands and some\nconcept guides. See 'git help <command>' or 'git help <concept>'\nto read about a specific subcommand or concept.\nSee 'git help git' for an overview of the system.\n""
[0m17:30:23.707112 [debug] [MainThread]: STDERR: "b''"
[0m17:30:23.711551 [debug] [MainThread]: Acquiring new redshift connection 'debug'
[0m17:30:23.713328 [debug] [MainThread]: Using redshift connection "debug"
[0m17:30:23.714944 [debug] [MainThread]: On debug: select 1 as id
[0m17:30:23.716391 [debug] [MainThread]: Opening a new connection, currently in state init
[0m17:30:23.718325 [debug] [MainThread]: Redshift adapter: Connecting to Redshift using 'database' credentials
[0m17:30:24.538250 [debug] [MainThread]: SQL status: SELECT in 1 seconds
[0m17:30:24.541743 [debug] [MainThread]: On debug: Close
[0m17:30:24.544751 [debug] [MainThread]: Sending event: {'category': 'dbt', 'action': 'invocation', 'label': 'end', 'context': [<snowplow_tracker.self_describing_json.SelfDescribingJson object at 0x7fc181fae220>, <snowplow_tracker.self_describing_json.SelfDescribingJson object at 0x7fc181fae760>, <snowplow_tracker.self_describing_json.SelfDescribingJson object at 0x7fc181faeca0>]}
[0m17:30:24.546866 [debug] [MainThread]: Flushing usage events
[0m17:30:25.629023 [debug] [MainThread]: Connection 'debug' was properly closed.


============================== 2023-04-07 17:31:24.337447 | 044d3d9d-574a-40ca-b9a5-6d0a94d4172e ==============================
[0m17:31:24.337447 [info ] [MainThread]: Running with dbt=1.4.5
[0m17:31:24.345375 [debug] [MainThread]: running dbt with arguments {'write_json': True, 'use_colors': True, 'printer_width': 80, 'version_check': True, 'partial_parse': True, 'static_parser': True, 'profiles_dir': '/root/.dbt', 'send_anonymous_usage_stats': True, 'quiet': False, 'no_print': False, 'cache_selected_only': False, 'which': 'run', 'rpc_method': 'run', 'indirect_selection': 'eager'}
[0m17:31:24.347504 [debug] [MainThread]: Tracking: tracking
[0m17:31:24.366193 [debug] [MainThread]: Sending event: {'category': 'dbt', 'action': 'invocation', 'label': 'start', 'context': [<snowplow_tracker.self_describing_json.SelfDescribingJson object at 0x7fcf5f19a250>, <snowplow_tracker.self_describing_json.SelfDescribingJson object at 0x7fcf5f19a610>, <snowplow_tracker.self_describing_json.SelfDescribingJson object at 0x7fcf5f19a5e0>]}
[0m17:31:24.447706 [debug] [MainThread]: checksum: e05dd7cee44d39ae8ac27965cacd8a6d8d0ab4e8185101e0db84e98f79bee0b6, vars: {}, profile: None, target: None, version: 1.4.5
[0m17:31:24.458978 [info ] [MainThread]: Unable to do partial parsing because saved manifest not found. Starting full parse.
[0m17:31:24.461477 [debug] [MainThread]: Sending event: {'category': 'dbt', 'action': 'partial_parser', 'label': '044d3d9d-574a-40ca-b9a5-6d0a94d4172e', 'context': [<snowplow_tracker.self_describing_json.SelfDescribingJson object at 0x7fcf5f1b0ac0>]}
[0m17:31:26.773434 [debug] [MainThread]: 1699: static parser successfully parsed example/my_first_dbt_model.sql
[0m17:31:26.808307 [debug] [MainThread]: 1699: static parser successfully parsed example/my_second_dbt_model.sql
[0m17:31:27.032956 [debug] [MainThread]: Sending event: {'category': 'dbt', 'action': 'load_project', 'label': '044d3d9d-574a-40ca-b9a5-6d0a94d4172e', 'context': [<snowplow_tracker.self_describing_json.SelfDescribingJson object at 0x7fcf5e848490>]}
[0m17:31:27.090878 [debug] [MainThread]: Sending event: {'category': 'dbt', 'action': 'resource_counts', 'label': '044d3d9d-574a-40ca-b9a5-6d0a94d4172e', 'context': [<snowplow_tracker.self_describing_json.SelfDescribingJson object at 0x7fcf5f19a5b0>]}
[0m17:31:27.097200 [info ] [MainThread]: Found 2 models, 4 tests, 0 snapshots, 0 analyses, 329 macros, 0 operations, 0 seed files, 0 sources, 0 exposures, 0 metrics
[0m17:31:27.099985 [debug] [MainThread]: Sending event: {'category': 'dbt', 'action': 'runnable_timing', 'label': '044d3d9d-574a-40ca-b9a5-6d0a94d4172e', 'context': [<snowplow_tracker.self_describing_json.SelfDescribingJson object at 0x7fcf5f19a370>]}
[0m17:31:27.104722 [info ] [MainThread]: 
[0m17:31:27.109906 [debug] [MainThread]: Acquiring new redshift connection 'master'
[0m17:31:27.113720 [debug] [ThreadPool]: Acquiring new redshift connection 'list_dev'
[0m17:31:27.145732 [debug] [ThreadPool]: Using redshift connection "list_dev"
[0m17:31:27.147628 [debug] [ThreadPool]: On list_dev: /* {"app": "dbt", "dbt_version": "1.4.5", "profile_name": "analytics_dbt", "target_name": "dev", "connection_name": "list_dev"} */

    select distinct nspname from pg_namespace
  
[0m17:31:27.149338 [debug] [ThreadPool]: Opening a new connection, currently in state init
[0m17:31:27.151142 [debug] [ThreadPool]: Redshift adapter: Connecting to Redshift using 'database' credentials
[0m17:31:27.812849 [debug] [ThreadPool]: SQL status: SELECT in 1 seconds
[0m17:31:27.817439 [debug] [ThreadPool]: On list_dev: Close
[0m17:31:27.823226 [debug] [ThreadPool]: Acquiring new redshift connection 'list_dev_public'
[0m17:31:27.851079 [debug] [ThreadPool]: Using redshift connection "list_dev_public"
[0m17:31:27.852625 [debug] [ThreadPool]: On list_dev_public: BEGIN
[0m17:31:27.854788 [debug] [ThreadPool]: Opening a new connection, currently in state init
[0m17:31:27.856443 [debug] [ThreadPool]: Redshift adapter: Connecting to Redshift using 'database' credentials
[0m17:31:28.781219 [debug] [ThreadPool]: SQL status: BEGIN in 1 seconds
[0m17:31:28.782553 [debug] [ThreadPool]: Using redshift connection "list_dev_public"
[0m17:31:28.783856 [debug] [ThreadPool]: On list_dev_public: /* {"app": "dbt", "dbt_version": "1.4.5", "profile_name": "analytics_dbt", "target_name": "dev", "connection_name": "list_dev_public"} */
select
      'dev' as database,
      tablename as name,
      schemaname as schema,
      'table' as type
    from pg_tables
    where schemaname ilike 'public'
    union all
    select
      'dev' as database,
      viewname as name,
      schemaname as schema,
      'view' as type
    from pg_views
    where schemaname ilike 'public'
  
[0m17:31:28.860088 [debug] [ThreadPool]: SQL status: SELECT in 0 seconds
[0m17:31:28.864342 [debug] [ThreadPool]: On list_dev_public: ROLLBACK
[0m17:31:28.927073 [debug] [ThreadPool]: On list_dev_public: Close
[0m17:31:28.941529 [debug] [MainThread]: Using redshift connection "master"
[0m17:31:28.943044 [debug] [MainThread]: On master: BEGIN
[0m17:31:28.944631 [debug] [MainThread]: Opening a new connection, currently in state init
[0m17:31:28.948521 [debug] [MainThread]: Redshift adapter: Connecting to Redshift using 'database' credentials
[0m17:31:29.541191 [debug] [MainThread]: SQL status: BEGIN in 1 seconds
[0m17:31:29.543024 [debug] [MainThread]: Using redshift connection "master"
[0m17:31:29.544544 [debug] [MainThread]: On master: /* {"app": "dbt", "dbt_version": "1.4.5", "profile_name": "analytics_dbt", "target_name": "dev", "connection_name": "master"} */
with relation as (
        select
            pg_rewrite.ev_class as class,
            pg_rewrite.oid as id
        from pg_rewrite
    ),
    class as (
        select
            oid as id,
            relname as name,
            relnamespace as schema,
            relkind as kind
        from pg_class
    ),
    dependency as (
        select distinct
            pg_depend.objid as id,
            pg_depend.refobjid as ref
        from pg_depend
    ),
    schema as (
        select
            pg_namespace.oid as id,
            pg_namespace.nspname as name
        from pg_namespace
        where nspname != 'information_schema' and nspname not like 'pg\_%'
    ),
    referenced as (
        select
            relation.id AS id,
            referenced_class.name ,
            referenced_class.schema ,
            referenced_class.kind
        from relation
        join class as referenced_class on relation.class=referenced_class.id
        where referenced_class.kind in ('r', 'v')
    ),
    relationships as (
        select
            referenced.name as referenced_name,
            referenced.schema as referenced_schema_id,
            dependent_class.name as dependent_name,
            dependent_class.schema as dependent_schema_id,
            referenced.kind as kind
        from referenced
        join dependency on referenced.id=dependency.id
        join class as dependent_class on dependency.ref=dependent_class.id
        where
            (referenced.name != dependent_class.name or
             referenced.schema != dependent_class.schema)
    )

    select
        referenced_schema.name as referenced_schema,
        relationships.referenced_name as referenced_name,
        dependent_schema.name as dependent_schema,
        relationships.dependent_name as dependent_name
    from relationships
    join schema as dependent_schema on relationships.dependent_schema_id=dependent_schema.id
    join schema as referenced_schema on relationships.referenced_schema_id=referenced_schema.id
    group by referenced_schema, referenced_name, dependent_schema, dependent_name
    order by referenced_schema, referenced_name, dependent_schema, dependent_name;
[0m17:31:29.707139 [debug] [MainThread]: SQL status: SELECT in 0 seconds
[0m17:31:29.710892 [debug] [MainThread]: Sending event: {'category': 'dbt', 'action': 'runnable_timing', 'label': '044d3d9d-574a-40ca-b9a5-6d0a94d4172e', 'context': [<snowplow_tracker.self_describing_json.SelfDescribingJson object at 0x7fcf5e848670>]}
[0m17:31:29.713385 [debug] [MainThread]: On master: ROLLBACK
[0m17:31:29.779472 [debug] [MainThread]: Using redshift connection "master"
[0m17:31:29.780941 [debug] [MainThread]: On master: BEGIN
[0m17:31:29.907769 [debug] [MainThread]: SQL status: BEGIN in 0 seconds
[0m17:31:29.909548 [debug] [MainThread]: On master: COMMIT
[0m17:31:29.911005 [debug] [MainThread]: Using redshift connection "master"
[0m17:31:29.912519 [debug] [MainThread]: On master: COMMIT
[0m17:31:29.977971 [debug] [MainThread]: SQL status: COMMIT in 0 seconds
[0m17:31:29.980205 [debug] [MainThread]: On master: Close
[0m17:31:29.983123 [info ] [MainThread]: Concurrency: 1 threads (target='dev')
[0m17:31:29.986422 [info ] [MainThread]: 
[0m17:31:30.002746 [debug] [Thread-1  ]: Began running node model.analytics_dbt.my_first_dbt_model
[0m17:31:30.005179 [info ] [Thread-1  ]: 1 of 2 START sql table model public.my_first_dbt_model ......................... [RUN]
[0m17:31:30.008908 [debug] [Thread-1  ]: Acquiring new redshift connection 'model.analytics_dbt.my_first_dbt_model'
[0m17:31:30.010823 [debug] [Thread-1  ]: Began compiling node model.analytics_dbt.my_first_dbt_model
[0m17:31:30.019403 [debug] [Thread-1  ]: Writing injected SQL for node "model.analytics_dbt.my_first_dbt_model"
[0m17:31:30.117126 [debug] [Thread-1  ]: Timing info for model.analytics_dbt.my_first_dbt_model (compile): 2023-04-07 17:31:30.012324 => 2023-04-07 17:31:30.116850
[0m17:31:30.120351 [debug] [Thread-1  ]: Began executing node model.analytics_dbt.my_first_dbt_model
[0m17:31:30.235449 [debug] [Thread-1  ]: Writing runtime sql for node "model.analytics_dbt.my_first_dbt_model"
[0m17:31:30.319952 [debug] [Thread-1  ]: Using redshift connection "model.analytics_dbt.my_first_dbt_model"
[0m17:31:30.321331 [debug] [Thread-1  ]: On model.analytics_dbt.my_first_dbt_model: BEGIN
[0m17:31:30.322718 [debug] [Thread-1  ]: Opening a new connection, currently in state closed
[0m17:31:30.324065 [debug] [Thread-1  ]: Redshift adapter: Connecting to Redshift using 'database' credentials
[0m17:31:30.914060 [debug] [Thread-1  ]: SQL status: BEGIN in 1 seconds
[0m17:31:30.915571 [debug] [Thread-1  ]: Using redshift connection "model.analytics_dbt.my_first_dbt_model"
[0m17:31:30.918304 [debug] [Thread-1  ]: On model.analytics_dbt.my_first_dbt_model: /* {"app": "dbt", "dbt_version": "1.4.5", "profile_name": "analytics_dbt", "target_name": "dev", "node_id": "model.analytics_dbt.my_first_dbt_model"} */

  
    

  create  table
    "dev"."public"."my_first_dbt_model__dbt_tmp"
    
    
    
  as (
    /*
    Welcome to your first dbt model!
    Did you know that you can also configure models directly within SQL files?
    This will override configurations stated in dbt_project.yml

    Try changing "table" to "view" below
*/



with source_data as (

    select 1 as id
    union all
    select null as id

)

select *
from source_data

/*
    Uncomment the line below to remove records with null `id` values
*/

-- where id is not null
  );
  
[0m17:31:31.381193 [debug] [Thread-1  ]: SQL status: SELECT in 0 seconds
[0m17:31:31.397632 [debug] [Thread-1  ]: Using redshift connection "model.analytics_dbt.my_first_dbt_model"
[0m17:31:31.399134 [debug] [Thread-1  ]: On model.analytics_dbt.my_first_dbt_model: /* {"app": "dbt", "dbt_version": "1.4.5", "profile_name": "analytics_dbt", "target_name": "dev", "node_id": "model.analytics_dbt.my_first_dbt_model"} */
alter table "dev"."public"."my_first_dbt_model__dbt_tmp" rename to "my_first_dbt_model"
[0m17:31:31.462651 [debug] [Thread-1  ]: SQL status: ALTER TABLE in 0 seconds
[0m17:31:31.514221 [debug] [Thread-1  ]: On model.analytics_dbt.my_first_dbt_model: COMMIT
[0m17:31:31.515846 [debug] [Thread-1  ]: Using redshift connection "model.analytics_dbt.my_first_dbt_model"
[0m17:31:31.517182 [debug] [Thread-1  ]: On model.analytics_dbt.my_first_dbt_model: COMMIT
[0m17:31:31.617057 [debug] [Thread-1  ]: SQL status: COMMIT in 0 seconds
[0m17:31:31.618891 [debug] [Thread-1  ]: Using redshift connection "model.analytics_dbt.my_first_dbt_model"
[0m17:31:31.620258 [debug] [Thread-1  ]: On model.analytics_dbt.my_first_dbt_model: BEGIN
[0m17:31:31.686737 [debug] [Thread-1  ]: SQL status: BEGIN in 0 seconds
[0m17:31:31.699194 [debug] [Thread-1  ]: Using redshift connection "model.analytics_dbt.my_first_dbt_model"
[0m17:31:31.704952 [debug] [Thread-1  ]: On model.analytics_dbt.my_first_dbt_model: /* {"app": "dbt", "dbt_version": "1.4.5", "profile_name": "analytics_dbt", "target_name": "dev", "node_id": "model.analytics_dbt.my_first_dbt_model"} */
drop table if exists "dev"."public"."my_first_dbt_model__dbt_backup" cascade
[0m17:31:31.767688 [debug] [Thread-1  ]: SQL status: DROP TABLE in 0 seconds
[0m17:31:31.771047 [debug] [Thread-1  ]: On model.analytics_dbt.my_first_dbt_model: COMMIT
[0m17:31:31.772448 [debug] [Thread-1  ]: Using redshift connection "model.analytics_dbt.my_first_dbt_model"
[0m17:31:31.774093 [debug] [Thread-1  ]: On model.analytics_dbt.my_first_dbt_model: COMMIT
[0m17:31:31.843677 [debug] [Thread-1  ]: SQL status: COMMIT in 0 seconds
[0m17:31:31.844995 [debug] [Thread-1  ]: Using redshift connection "model.analytics_dbt.my_first_dbt_model"
[0m17:31:31.846216 [debug] [Thread-1  ]: On model.analytics_dbt.my_first_dbt_model: BEGIN
[0m17:31:31.909262 [debug] [Thread-1  ]: SQL status: BEGIN in 0 seconds
[0m17:31:31.911690 [debug] [Thread-1  ]: Timing info for model.analytics_dbt.my_first_dbt_model (execute): 2023-04-07 17:31:30.123072 => 2023-04-07 17:31:31.911555
[0m17:31:31.913079 [debug] [Thread-1  ]: On model.analytics_dbt.my_first_dbt_model: ROLLBACK
[0m17:31:31.976954 [debug] [Thread-1  ]: On model.analytics_dbt.my_first_dbt_model: Close
[0m17:31:31.979665 [debug] [Thread-1  ]: Sending event: {'category': 'dbt', 'action': 'run_model', 'label': '044d3d9d-574a-40ca-b9a5-6d0a94d4172e', 'context': [<snowplow_tracker.self_describing_json.SelfDescribingJson object at 0x7fcf5c706520>]}
[0m17:31:31.982492 [info ] [Thread-1  ]: 1 of 2 OK created sql table model public.my_first_dbt_model .................... [[32mSELECT[0m in 1.97s]
[0m17:31:31.987669 [debug] [Thread-1  ]: Finished running node model.analytics_dbt.my_first_dbt_model
[0m17:31:31.991565 [debug] [Thread-1  ]: Began running node model.analytics_dbt.my_second_dbt_model
[0m17:31:31.994581 [info ] [Thread-1  ]: 2 of 2 START sql view model public.my_second_dbt_model ......................... [RUN]
[0m17:31:31.998532 [debug] [Thread-1  ]: Acquiring new redshift connection 'model.analytics_dbt.my_second_dbt_model'
[0m17:31:32.000644 [debug] [Thread-1  ]: Began compiling node model.analytics_dbt.my_second_dbt_model
[0m17:31:32.143724 [debug] [Thread-1  ]: Writing injected SQL for node "model.analytics_dbt.my_second_dbt_model"
[0m17:31:32.173678 [debug] [Thread-1  ]: Timing info for model.analytics_dbt.my_second_dbt_model (compile): 2023-04-07 17:31:32.002974 => 2023-04-07 17:31:32.173430
[0m17:31:32.175251 [debug] [Thread-1  ]: Began executing node model.analytics_dbt.my_second_dbt_model
[0m17:31:32.222664 [debug] [Thread-1  ]: Writing runtime sql for node "model.analytics_dbt.my_second_dbt_model"
[0m17:31:32.256294 [debug] [Thread-1  ]: Using redshift connection "model.analytics_dbt.my_second_dbt_model"
[0m17:31:32.257815 [debug] [Thread-1  ]: On model.analytics_dbt.my_second_dbt_model: BEGIN
[0m17:31:32.260534 [debug] [Thread-1  ]: Opening a new connection, currently in state closed
[0m17:31:32.261937 [debug] [Thread-1  ]: Redshift adapter: Connecting to Redshift using 'database' credentials
[0m17:31:32.849042 [debug] [Thread-1  ]: SQL status: BEGIN in 1 seconds
[0m17:31:32.850602 [debug] [Thread-1  ]: Using redshift connection "model.analytics_dbt.my_second_dbt_model"
[0m17:31:32.852110 [debug] [Thread-1  ]: On model.analytics_dbt.my_second_dbt_model: /* {"app": "dbt", "dbt_version": "1.4.5", "profile_name": "analytics_dbt", "target_name": "dev", "node_id": "model.analytics_dbt.my_second_dbt_model"} */


  create view "dev"."public"."my_second_dbt_model__dbt_tmp" as (
    -- Use the `ref` function to select from other models

select *
from "dev"."public"."my_first_dbt_model"
where id = 1
  ) ;

[0m17:31:32.919393 [debug] [Thread-1  ]: SQL status: CREATE VIEW in 0 seconds
[0m17:31:32.927152 [debug] [Thread-1  ]: Using redshift connection "model.analytics_dbt.my_second_dbt_model"
[0m17:31:32.928474 [debug] [Thread-1  ]: On model.analytics_dbt.my_second_dbt_model: /* {"app": "dbt", "dbt_version": "1.4.5", "profile_name": "analytics_dbt", "target_name": "dev", "node_id": "model.analytics_dbt.my_second_dbt_model"} */
alter table "dev"."public"."my_second_dbt_model__dbt_tmp" rename to "my_second_dbt_model"
[0m17:31:32.991701 [debug] [Thread-1  ]: SQL status: ALTER TABLE in 0 seconds
[0m17:31:32.996152 [debug] [Thread-1  ]: On model.analytics_dbt.my_second_dbt_model: COMMIT
[0m17:31:32.997528 [debug] [Thread-1  ]: Using redshift connection "model.analytics_dbt.my_second_dbt_model"
[0m17:31:32.998845 [debug] [Thread-1  ]: On model.analytics_dbt.my_second_dbt_model: COMMIT
[0m17:31:33.088959 [debug] [Thread-1  ]: SQL status: COMMIT in 0 seconds
[0m17:31:33.090728 [debug] [Thread-1  ]: Using redshift connection "model.analytics_dbt.my_second_dbt_model"
[0m17:31:33.092144 [debug] [Thread-1  ]: On model.analytics_dbt.my_second_dbt_model: BEGIN
[0m17:31:33.155298 [debug] [Thread-1  ]: SQL status: BEGIN in 0 seconds
[0m17:31:33.161542 [debug] [Thread-1  ]: Using redshift connection "model.analytics_dbt.my_second_dbt_model"
[0m17:31:33.163008 [debug] [Thread-1  ]: On model.analytics_dbt.my_second_dbt_model: /* {"app": "dbt", "dbt_version": "1.4.5", "profile_name": "analytics_dbt", "target_name": "dev", "node_id": "model.analytics_dbt.my_second_dbt_model"} */
drop view if exists "dev"."public"."my_second_dbt_model__dbt_backup" cascade
[0m17:31:33.225979 [debug] [Thread-1  ]: SQL status: DROP VIEW in 0 seconds
[0m17:31:33.228608 [debug] [Thread-1  ]: On model.analytics_dbt.my_second_dbt_model: COMMIT
[0m17:31:33.229949 [debug] [Thread-1  ]: Using redshift connection "model.analytics_dbt.my_second_dbt_model"
[0m17:31:33.231426 [debug] [Thread-1  ]: On model.analytics_dbt.my_second_dbt_model: COMMIT
[0m17:31:33.317064 [debug] [Thread-1  ]: SQL status: COMMIT in 0 seconds
[0m17:31:33.318348 [debug] [Thread-1  ]: Using redshift connection "model.analytics_dbt.my_second_dbt_model"
[0m17:31:33.319601 [debug] [Thread-1  ]: On model.analytics_dbt.my_second_dbt_model: BEGIN
[0m17:31:33.382040 [debug] [Thread-1  ]: SQL status: BEGIN in 0 seconds
[0m17:31:33.384616 [debug] [Thread-1  ]: Timing info for model.analytics_dbt.my_second_dbt_model (execute): 2023-04-07 17:31:32.176657 => 2023-04-07 17:31:33.384405
[0m17:31:33.385906 [debug] [Thread-1  ]: On model.analytics_dbt.my_second_dbt_model: ROLLBACK
[0m17:31:33.448218 [debug] [Thread-1  ]: On model.analytics_dbt.my_second_dbt_model: Close
[0m17:31:33.451190 [debug] [Thread-1  ]: Sending event: {'category': 'dbt', 'action': 'run_model', 'label': '044d3d9d-574a-40ca-b9a5-6d0a94d4172e', 'context': [<snowplow_tracker.self_describing_json.SelfDescribingJson object at 0x7fcf5c6ecc40>]}
[0m17:31:33.454781 [info ] [Thread-1  ]: 2 of 2 OK created sql view model public.my_second_dbt_model .................... [[32mCREATE VIEW[0m in 1.45s]
[0m17:31:33.459923 [debug] [Thread-1  ]: Finished running node model.analytics_dbt.my_second_dbt_model
[0m17:31:33.489978 [debug] [MainThread]: Acquiring new redshift connection 'master'
[0m17:31:33.491435 [debug] [MainThread]: Using redshift connection "master"
[0m17:31:33.502692 [debug] [MainThread]: On master: BEGIN
[0m17:31:33.503985 [debug] [MainThread]: Opening a new connection, currently in state closed
[0m17:31:33.505280 [debug] [MainThread]: Redshift adapter: Connecting to Redshift using 'database' credentials
[0m17:31:34.109324 [debug] [MainThread]: SQL status: BEGIN in 1 seconds
[0m17:31:34.110797 [debug] [MainThread]: On master: COMMIT
[0m17:31:34.112167 [debug] [MainThread]: Using redshift connection "master"
[0m17:31:34.113613 [debug] [MainThread]: On master: COMMIT
[0m17:31:34.178197 [debug] [MainThread]: SQL status: COMMIT in 0 seconds
[0m17:31:34.180035 [debug] [MainThread]: On master: Close
[0m17:31:34.182835 [debug] [MainThread]: Connection 'master' was properly closed.
[0m17:31:34.184774 [debug] [MainThread]: Connection 'list_dev' was properly closed.
[0m17:31:34.186367 [debug] [MainThread]: Connection 'model.analytics_dbt.my_second_dbt_model' was properly closed.
[0m17:31:34.188396 [info ] [MainThread]: 
[0m17:31:34.190727 [info ] [MainThread]: Finished running 1 table model, 1 view model in 0 hours 0 minutes and 7.08 seconds (7.08s).
[0m17:31:34.193294 [debug] [MainThread]: Command end result
[0m17:31:34.242092 [info ] [MainThread]: 
[0m17:31:34.254602 [info ] [MainThread]: [32mCompleted successfully[0m
[0m17:31:34.259155 [info ] [MainThread]: 
[0m17:31:34.261731 [info ] [MainThread]: Done. PASS=2 WARN=0 ERROR=0 SKIP=0 TOTAL=2
[0m17:31:34.264097 [debug] [MainThread]: Sending event: {'category': 'dbt', 'action': 'invocation', 'label': 'end', 'context': [<snowplow_tracker.self_describing_json.SelfDescribingJson object at 0x7fcf5df6b040>, <snowplow_tracker.self_describing_json.SelfDescribingJson object at 0x7fcf5e803f70>, <snowplow_tracker.self_describing_json.SelfDescribingJson object at 0x7fcf5c663d60>]}
[0m17:31:34.265851 [debug] [MainThread]: Flushing usage events


============================== 2023-04-07 17:53:57.610060 | 0d89b077-e03c-4a7c-b7e7-b72e74e3b4fa ==============================
[0m17:53:57.610060 [info ] [MainThread]: Running with dbt=1.4.5
[0m17:53:57.613795 [debug] [MainThread]: running dbt with arguments {'write_json': True, 'use_colors': True, 'printer_width': 80, 'version_check': True, 'partial_parse': True, 'static_parser': True, 'profiles_dir': '/root/.dbt', 'send_anonymous_usage_stats': True, 'quiet': False, 'no_print': False, 'cache_selected_only': False, 'select': ['views/vw_sales.sql'], 'which': 'run', 'rpc_method': 'run', 'indirect_selection': 'eager'}
[0m17:53:57.615073 [debug] [MainThread]: Tracking: tracking
[0m17:53:57.631467 [debug] [MainThread]: Sending event: {'category': 'dbt', 'action': 'invocation', 'label': 'start', 'context': [<snowplow_tracker.self_describing_json.SelfDescribingJson object at 0x7fc1f3f02130>, <snowplow_tracker.self_describing_json.SelfDescribingJson object at 0x7fc1f3f024f0>, <snowplow_tracker.self_describing_json.SelfDescribingJson object at 0x7fc1f3f024c0>]}
[0m17:53:57.687666 [debug] [MainThread]: checksum: e05dd7cee44d39ae8ac27965cacd8a6d8d0ab4e8185101e0db84e98f79bee0b6, vars: {}, profile: None, target: None, version: 1.4.5
[0m17:53:57.736127 [info ] [MainThread]: Unable to do partial parsing because a project config has changed
[0m17:53:57.738122 [debug] [MainThread]: Sending event: {'category': 'dbt', 'action': 'partial_parser', 'label': '0d89b077-e03c-4a7c-b7e7-b72e74e3b4fa', 'context': [<snowplow_tracker.self_describing_json.SelfDescribingJson object at 0x7fc1f3f02190>]}
[0m17:53:59.735485 [debug] [MainThread]: 1699: static parser successfully parsed example/my_first_dbt_model.sql
[0m17:53:59.761545 [debug] [MainThread]: 1699: static parser successfully parsed example/my_second_dbt_model.sql
[0m17:53:59.769316 [debug] [MainThread]: 1699: static parser successfully parsed views/vw_sales.sql
[0m17:53:59.961417 [debug] [MainThread]: Sending event: {'category': 'dbt', 'action': 'load_project', 'label': '0d89b077-e03c-4a7c-b7e7-b72e74e3b4fa', 'context': [<snowplow_tracker.self_describing_json.SelfDescribingJson object at 0x7fc1f34cad60>]}
[0m17:54:00.008198 [debug] [MainThread]: Sending event: {'category': 'dbt', 'action': 'resource_counts', 'label': '0d89b077-e03c-4a7c-b7e7-b72e74e3b4fa', 'context': [<snowplow_tracker.self_describing_json.SelfDescribingJson object at 0x7fc1f3f02f70>]}
[0m17:54:00.009625 [info ] [MainThread]: Found 3 models, 4 tests, 0 snapshots, 0 analyses, 329 macros, 0 operations, 0 seed files, 0 sources, 0 exposures, 0 metrics
[0m17:54:00.012975 [debug] [MainThread]: Sending event: {'category': 'dbt', 'action': 'runnable_timing', 'label': '0d89b077-e03c-4a7c-b7e7-b72e74e3b4fa', 'context': [<snowplow_tracker.self_describing_json.SelfDescribingJson object at 0x7fc1f351bc10>]}
[0m17:54:00.017178 [warn ] [MainThread]: The selection criterion 'views/vw_sales.sql' does not match any nodes
[0m17:54:00.027416 [info ] [MainThread]: 
[0m17:54:00.030220 [warn ] [MainThread]: Nothing to do. Try checking your model configs and model specification args
[0m17:54:00.032371 [debug] [MainThread]: Command end result
[0m17:54:00.084167 [debug] [MainThread]: Sending event: {'category': 'dbt', 'action': 'invocation', 'label': 'end', 'context': [<snowplow_tracker.self_describing_json.SelfDescribingJson object at 0x7fc1f3f1b910>, <snowplow_tracker.self_describing_json.SelfDescribingJson object at 0x7fc1f34cad60>, <snowplow_tracker.self_describing_json.SelfDescribingJson object at 0x7fc1f34ca970>]}
[0m17:54:00.085565 [debug] [MainThread]: Flushing usage events


============================== 2023-04-07 17:54:55.270154 | 5d4f8dc5-1052-4bb3-9d51-c5abd36fe7e1 ==============================
[0m17:54:55.270154 [info ] [MainThread]: Running with dbt=1.4.5
[0m17:54:55.274227 [debug] [MainThread]: running dbt with arguments {'write_json': True, 'use_colors': True, 'printer_width': 80, 'version_check': True, 'partial_parse': True, 'static_parser': True, 'profiles_dir': '/root/.dbt', 'send_anonymous_usage_stats': True, 'quiet': False, 'no_print': False, 'cache_selected_only': False, 'select': ['models/views/vw_sales.sql'], 'which': 'run', 'rpc_method': 'run', 'indirect_selection': 'eager'}
[0m17:54:55.275367 [debug] [MainThread]: Tracking: tracking
[0m17:54:55.292018 [debug] [MainThread]: Sending event: {'category': 'dbt', 'action': 'invocation', 'label': 'start', 'context': [<snowplow_tracker.self_describing_json.SelfDescribingJson object at 0x7f7c66b5e190>, <snowplow_tracker.self_describing_json.SelfDescribingJson object at 0x7f7c66b5e550>, <snowplow_tracker.self_describing_json.SelfDescribingJson object at 0x7f7c66b5e520>]}
[0m17:54:55.350830 [debug] [MainThread]: checksum: e05dd7cee44d39ae8ac27965cacd8a6d8d0ab4e8185101e0db84e98f79bee0b6, vars: {}, profile: None, target: None, version: 1.4.5
[0m17:54:55.969612 [debug] [MainThread]: Partial parsing enabled: 0 files deleted, 0 files added, 0 files changed.
[0m17:54:55.970927 [debug] [MainThread]: Partial parsing enabled, no changes found, skipping parsing
[0m17:54:55.986021 [debug] [MainThread]: Sending event: {'category': 'dbt', 'action': 'load_project', 'label': '5d4f8dc5-1052-4bb3-9d51-c5abd36fe7e1', 'context': [<snowplow_tracker.self_describing_json.SelfDescribingJson object at 0x7f7c669f8ac0>]}
[0m17:54:56.037457 [debug] [MainThread]: Sending event: {'category': 'dbt', 'action': 'resource_counts', 'label': '5d4f8dc5-1052-4bb3-9d51-c5abd36fe7e1', 'context': [<snowplow_tracker.self_describing_json.SelfDescribingJson object at 0x7f7c66acb370>]}
[0m17:54:56.039562 [info ] [MainThread]: Found 3 models, 4 tests, 0 snapshots, 0 analyses, 329 macros, 0 operations, 0 seed files, 0 sources, 0 exposures, 0 metrics
[0m17:54:56.051353 [debug] [MainThread]: Sending event: {'category': 'dbt', 'action': 'runnable_timing', 'label': '5d4f8dc5-1052-4bb3-9d51-c5abd36fe7e1', 'context': [<snowplow_tracker.self_describing_json.SelfDescribingJson object at 0x7f7c66acb670>]}
[0m17:54:56.071296 [info ] [MainThread]: 
[0m17:54:56.075344 [debug] [MainThread]: Acquiring new redshift connection 'master'
[0m17:54:56.078797 [debug] [ThreadPool]: Acquiring new redshift connection 'list_dev'
[0m17:54:56.107946 [debug] [ThreadPool]: Using redshift connection "list_dev"
[0m17:54:56.109299 [debug] [ThreadPool]: On list_dev: /* {"app": "dbt", "dbt_version": "1.4.5", "profile_name": "analytics_dbt", "target_name": "dev", "connection_name": "list_dev"} */

    select distinct nspname from pg_namespace
  
[0m17:54:56.110640 [debug] [ThreadPool]: Opening a new connection, currently in state init
[0m17:54:56.111975 [debug] [ThreadPool]: Redshift adapter: Connecting to Redshift using 'database' credentials
[0m17:54:56.772062 [debug] [ThreadPool]: SQL status: SELECT in 1 seconds
[0m17:54:56.783391 [debug] [ThreadPool]: On list_dev: Close
[0m17:54:56.804944 [debug] [ThreadPool]: Acquiring new redshift connection 'list_dev_public'
[0m17:54:56.828022 [debug] [ThreadPool]: Using redshift connection "list_dev_public"
[0m17:54:56.829219 [debug] [ThreadPool]: On list_dev_public: BEGIN
[0m17:54:56.830360 [debug] [ThreadPool]: Opening a new connection, currently in state closed
[0m17:54:56.831502 [debug] [ThreadPool]: Redshift adapter: Connecting to Redshift using 'database' credentials
[0m17:54:57.427341 [debug] [ThreadPool]: SQL status: BEGIN in 1 seconds
[0m17:54:57.430159 [debug] [ThreadPool]: Using redshift connection "list_dev_public"
[0m17:54:57.432868 [debug] [ThreadPool]: On list_dev_public: /* {"app": "dbt", "dbt_version": "1.4.5", "profile_name": "analytics_dbt", "target_name": "dev", "connection_name": "list_dev_public"} */
select
      'dev' as database,
      tablename as name,
      schemaname as schema,
      'table' as type
    from pg_tables
    where schemaname ilike 'public'
    union all
    select
      'dev' as database,
      viewname as name,
      schemaname as schema,
      'view' as type
    from pg_views
    where schemaname ilike 'public'
  
[0m17:54:57.516210 [debug] [ThreadPool]: SQL status: SELECT in 0 seconds
[0m17:54:57.525774 [debug] [ThreadPool]: On list_dev_public: ROLLBACK
[0m17:54:57.605947 [debug] [ThreadPool]: On list_dev_public: Close
[0m17:54:57.640153 [debug] [MainThread]: Using redshift connection "master"
[0m17:54:57.641724 [debug] [MainThread]: On master: BEGIN
[0m17:54:57.643339 [debug] [MainThread]: Opening a new connection, currently in state init
[0m17:54:57.644846 [debug] [MainThread]: Redshift adapter: Connecting to Redshift using 'database' credentials
[0m17:54:58.477732 [debug] [MainThread]: SQL status: BEGIN in 1 seconds
[0m17:54:58.480682 [debug] [MainThread]: Using redshift connection "master"
[0m17:54:58.483509 [debug] [MainThread]: On master: /* {"app": "dbt", "dbt_version": "1.4.5", "profile_name": "analytics_dbt", "target_name": "dev", "connection_name": "master"} */
with relation as (
        select
            pg_rewrite.ev_class as class,
            pg_rewrite.oid as id
        from pg_rewrite
    ),
    class as (
        select
            oid as id,
            relname as name,
            relnamespace as schema,
            relkind as kind
        from pg_class
    ),
    dependency as (
        select distinct
            pg_depend.objid as id,
            pg_depend.refobjid as ref
        from pg_depend
    ),
    schema as (
        select
            pg_namespace.oid as id,
            pg_namespace.nspname as name
        from pg_namespace
        where nspname != 'information_schema' and nspname not like 'pg\_%'
    ),
    referenced as (
        select
            relation.id AS id,
            referenced_class.name ,
            referenced_class.schema ,
            referenced_class.kind
        from relation
        join class as referenced_class on relation.class=referenced_class.id
        where referenced_class.kind in ('r', 'v')
    ),
    relationships as (
        select
            referenced.name as referenced_name,
            referenced.schema as referenced_schema_id,
            dependent_class.name as dependent_name,
            dependent_class.schema as dependent_schema_id,
            referenced.kind as kind
        from referenced
        join dependency on referenced.id=dependency.id
        join class as dependent_class on dependency.ref=dependent_class.id
        where
            (referenced.name != dependent_class.name or
             referenced.schema != dependent_class.schema)
    )

    select
        referenced_schema.name as referenced_schema,
        relationships.referenced_name as referenced_name,
        dependent_schema.name as dependent_schema,
        relationships.dependent_name as dependent_name
    from relationships
    join schema as dependent_schema on relationships.dependent_schema_id=dependent_schema.id
    join schema as referenced_schema on relationships.referenced_schema_id=referenced_schema.id
    group by referenced_schema, referenced_name, dependent_schema, dependent_name
    order by referenced_schema, referenced_name, dependent_schema, dependent_name;
[0m17:54:58.648108 [debug] [MainThread]: SQL status: SELECT in 0 seconds
[0m17:54:58.669476 [debug] [MainThread]: Sending event: {'category': 'dbt', 'action': 'runnable_timing', 'label': '5d4f8dc5-1052-4bb3-9d51-c5abd36fe7e1', 'context': [<snowplow_tracker.self_describing_json.SelfDescribingJson object at 0x7f7c66b81fa0>]}
[0m17:54:58.675649 [debug] [MainThread]: On master: ROLLBACK
[0m17:54:58.751896 [debug] [MainThread]: Using redshift connection "master"
[0m17:54:58.754605 [debug] [MainThread]: On master: BEGIN
[0m17:54:58.881428 [debug] [MainThread]: SQL status: BEGIN in 0 seconds
[0m17:54:58.883084 [debug] [MainThread]: On master: COMMIT
[0m17:54:58.884603 [debug] [MainThread]: Using redshift connection "master"
[0m17:54:58.885955 [debug] [MainThread]: On master: COMMIT
[0m17:54:58.949906 [debug] [MainThread]: SQL status: COMMIT in 0 seconds
[0m17:54:58.952940 [debug] [MainThread]: On master: Close
[0m17:54:58.960826 [info ] [MainThread]: Concurrency: 1 threads (target='dev')
[0m17:54:58.969661 [info ] [MainThread]: 
[0m17:54:58.991388 [debug] [Thread-1  ]: Began running node model.analytics_dbt.vw_sales
[0m17:54:58.993437 [info ] [Thread-1  ]: 1 of 1 START sql view model public.vw_sales .................................... [RUN]
[0m17:54:58.996365 [debug] [Thread-1  ]: Acquiring new redshift connection 'model.analytics_dbt.vw_sales'
[0m17:54:58.998252 [debug] [Thread-1  ]: Began compiling node model.analytics_dbt.vw_sales
[0m17:54:59.003776 [debug] [Thread-1  ]: Writing injected SQL for node "model.analytics_dbt.vw_sales"
[0m17:54:59.055028 [debug] [Thread-1  ]: Timing info for model.analytics_dbt.vw_sales (compile): 2023-04-07 17:54:58.999684 => 2023-04-07 17:54:59.054772
[0m17:54:59.056575 [debug] [Thread-1  ]: Began executing node model.analytics_dbt.vw_sales
[0m17:54:59.140184 [debug] [Thread-1  ]: Writing runtime sql for node "model.analytics_dbt.vw_sales"
[0m17:54:59.184079 [debug] [Thread-1  ]: Using redshift connection "model.analytics_dbt.vw_sales"
[0m17:54:59.185394 [debug] [Thread-1  ]: On model.analytics_dbt.vw_sales: BEGIN
[0m17:54:59.186702 [debug] [Thread-1  ]: Opening a new connection, currently in state closed
[0m17:54:59.188159 [debug] [Thread-1  ]: Redshift adapter: Connecting to Redshift using 'database' credentials
[0m17:54:59.753921 [debug] [Thread-1  ]: SQL status: BEGIN in 1 seconds
[0m17:54:59.755337 [debug] [Thread-1  ]: Using redshift connection "model.analytics_dbt.vw_sales"
[0m17:54:59.756514 [debug] [Thread-1  ]: On model.analytics_dbt.vw_sales: /* {"app": "dbt", "dbt_version": "1.4.5", "profile_name": "analytics_dbt", "target_name": "dev", "node_id": "model.analytics_dbt.vw_sales"} */


  create view "dev"."public"."vw_sales__dbt_tmp" as (
    WITH source_sales AS(
    SELECT *
    FROM sales
),

renamed AS (
    SELECT salesid as id_venda,
           listid as id_lista,
           sellerid as id_vendedor,
           buyerid as id_comprador,
           eventid as id_evento,
           dateid as id_date,
           qtysold as quantidade_vendida,
           pricepaid as valor_pago,
           commission as comissao,
           saletime as data_venda
    FROM source_sales
)

SELECT * FROM renamed
  ) ;

[0m17:54:59.826151 [debug] [Thread-1  ]: SQL status: CREATE VIEW in 0 seconds
[0m17:54:59.863872 [debug] [Thread-1  ]: Using redshift connection "model.analytics_dbt.vw_sales"
[0m17:54:59.865380 [debug] [Thread-1  ]: On model.analytics_dbt.vw_sales: /* {"app": "dbt", "dbt_version": "1.4.5", "profile_name": "analytics_dbt", "target_name": "dev", "node_id": "model.analytics_dbt.vw_sales"} */
alter table "dev"."public"."vw_sales__dbt_tmp" rename to "vw_sales"
[0m17:54:59.929419 [debug] [Thread-1  ]: SQL status: ALTER TABLE in 0 seconds
[0m17:54:59.964661 [debug] [Thread-1  ]: On model.analytics_dbt.vw_sales: COMMIT
[0m17:54:59.965945 [debug] [Thread-1  ]: Using redshift connection "model.analytics_dbt.vw_sales"
[0m17:54:59.967308 [debug] [Thread-1  ]: On model.analytics_dbt.vw_sales: COMMIT
[0m17:55:00.056910 [debug] [Thread-1  ]: SQL status: COMMIT in 0 seconds
[0m17:55:00.059011 [debug] [Thread-1  ]: Using redshift connection "model.analytics_dbt.vw_sales"
[0m17:55:00.060470 [debug] [Thread-1  ]: On model.analytics_dbt.vw_sales: BEGIN
[0m17:55:00.123090 [debug] [Thread-1  ]: SQL status: BEGIN in 0 seconds
[0m17:55:00.135343 [debug] [Thread-1  ]: Using redshift connection "model.analytics_dbt.vw_sales"
[0m17:55:00.136743 [debug] [Thread-1  ]: On model.analytics_dbt.vw_sales: /* {"app": "dbt", "dbt_version": "1.4.5", "profile_name": "analytics_dbt", "target_name": "dev", "node_id": "model.analytics_dbt.vw_sales"} */
drop view if exists "dev"."public"."vw_sales__dbt_backup" cascade
[0m17:55:00.199924 [debug] [Thread-1  ]: SQL status: DROP VIEW in 0 seconds
[0m17:55:00.203015 [debug] [Thread-1  ]: On model.analytics_dbt.vw_sales: COMMIT
[0m17:55:00.204354 [debug] [Thread-1  ]: Using redshift connection "model.analytics_dbt.vw_sales"
[0m17:55:00.205607 [debug] [Thread-1  ]: On model.analytics_dbt.vw_sales: COMMIT
[0m17:55:00.292869 [debug] [Thread-1  ]: SQL status: COMMIT in 0 seconds
[0m17:55:00.295823 [debug] [Thread-1  ]: Using redshift connection "model.analytics_dbt.vw_sales"
[0m17:55:00.298682 [debug] [Thread-1  ]: On model.analytics_dbt.vw_sales: BEGIN
[0m17:55:00.366312 [debug] [Thread-1  ]: SQL status: BEGIN in 0 seconds
[0m17:55:00.371739 [debug] [Thread-1  ]: Timing info for model.analytics_dbt.vw_sales (execute): 2023-04-07 17:54:59.057888 => 2023-04-07 17:55:00.371401
[0m17:55:00.374534 [debug] [Thread-1  ]: On model.analytics_dbt.vw_sales: ROLLBACK
[0m17:55:00.440600 [debug] [Thread-1  ]: On model.analytics_dbt.vw_sales: Close
[0m17:55:00.444442 [debug] [Thread-1  ]: Sending event: {'category': 'dbt', 'action': 'run_model', 'label': '5d4f8dc5-1052-4bb3-9d51-c5abd36fe7e1', 'context': [<snowplow_tracker.self_describing_json.SelfDescribingJson object at 0x7f7c669d70d0>]}
[0m17:55:00.446740 [info ] [Thread-1  ]: 1 of 1 OK created sql view model public.vw_sales ............................... [[32mCREATE VIEW[0m in 1.45s]
[0m17:55:00.452534 [debug] [Thread-1  ]: Finished running node model.analytics_dbt.vw_sales
[0m17:55:00.459484 [debug] [MainThread]: Acquiring new redshift connection 'master'
[0m17:55:00.463330 [debug] [MainThread]: Using redshift connection "master"
[0m17:55:00.465617 [debug] [MainThread]: On master: BEGIN
[0m17:55:00.467672 [debug] [MainThread]: Opening a new connection, currently in state closed
[0m17:55:00.469293 [debug] [MainThread]: Redshift adapter: Connecting to Redshift using 'database' credentials
[0m17:55:01.041376 [debug] [MainThread]: SQL status: BEGIN in 1 seconds
[0m17:55:01.042807 [debug] [MainThread]: On master: COMMIT
[0m17:55:01.044168 [debug] [MainThread]: Using redshift connection "master"
[0m17:55:01.045539 [debug] [MainThread]: On master: COMMIT
[0m17:55:01.108708 [debug] [MainThread]: SQL status: COMMIT in 0 seconds
[0m17:55:01.110141 [debug] [MainThread]: On master: Close
[0m17:55:01.112649 [debug] [MainThread]: Connection 'master' was properly closed.
[0m17:55:01.114246 [debug] [MainThread]: Connection 'model.analytics_dbt.vw_sales' was properly closed.
[0m17:55:01.115754 [info ] [MainThread]: 
[0m17:55:01.118161 [info ] [MainThread]: Finished running 1 view model in 0 hours 0 minutes and 5.04 seconds (5.04s).
[0m17:55:01.120927 [debug] [MainThread]: Command end result
[0m17:55:01.170957 [info ] [MainThread]: 
[0m17:55:01.174310 [info ] [MainThread]: [32mCompleted successfully[0m
[0m17:55:01.176485 [info ] [MainThread]: 
[0m17:55:01.179053 [info ] [MainThread]: Done. PASS=1 WARN=0 ERROR=0 SKIP=0 TOTAL=1
[0m17:55:01.181480 [debug] [MainThread]: Sending event: {'category': 'dbt', 'action': 'invocation', 'label': 'end', 'context': [<snowplow_tracker.self_describing_json.SelfDescribingJson object at 0x7f7c648f1040>, <snowplow_tracker.self_describing_json.SelfDescribingJson object at 0x7f7c648f1790>, <snowplow_tracker.self_describing_json.SelfDescribingJson object at 0x7f7c648f1e50>]}
[0m17:55:01.183221 [debug] [MainThread]: Flushing usage events


============================== 2023-04-07 18:34:05.313726 | e27b5226-2fb9-402d-88b2-f2f806b3f4ec ==============================
[0m18:34:05.313726 [info ] [MainThread]: Running with dbt=1.4.5
[0m18:34:05.318586 [debug] [MainThread]: running dbt with arguments {'write_json': True, 'use_colors': True, 'printer_width': 80, 'version_check': True, 'partial_parse': True, 'static_parser': True, 'profiles_dir': '/root/.dbt', 'send_anonymous_usage_stats': True, 'quiet': False, 'no_print': False, 'cache_selected_only': False, 'select': ['models/views/vw_sales.sql'], 'which': 'run', 'rpc_method': 'run', 'indirect_selection': 'eager'}
[0m18:34:05.319969 [debug] [MainThread]: Tracking: tracking
[0m18:34:05.352248 [debug] [MainThread]: Sending event: {'category': 'dbt', 'action': 'invocation', 'label': 'start', 'context': [<snowplow_tracker.self_describing_json.SelfDescribingJson object at 0x7fee8b937fd0>, <snowplow_tracker.self_describing_json.SelfDescribingJson object at 0x7fee8b9983d0>, <snowplow_tracker.self_describing_json.SelfDescribingJson object at 0x7fee8b9983a0>]}
[0m18:34:05.425453 [debug] [MainThread]: checksum: e05dd7cee44d39ae8ac27965cacd8a6d8d0ab4e8185101e0db84e98f79bee0b6, vars: {}, profile: None, target: None, version: 1.4.5
[0m18:34:06.176396 [debug] [MainThread]: Partial parsing enabled: 0 files deleted, 0 files added, 0 files changed.
[0m18:34:06.177997 [debug] [MainThread]: Partial parsing enabled, no changes found, skipping parsing
[0m18:34:06.193809 [debug] [MainThread]: Sending event: {'category': 'dbt', 'action': 'load_project', 'label': 'e27b5226-2fb9-402d-88b2-f2f806b3f4ec', 'context': [<snowplow_tracker.self_describing_json.SelfDescribingJson object at 0x7fee8b82d940>]}
[0m18:34:06.247773 [debug] [MainThread]: Sending event: {'category': 'dbt', 'action': 'resource_counts', 'label': 'e27b5226-2fb9-402d-88b2-f2f806b3f4ec', 'context': [<snowplow_tracker.self_describing_json.SelfDescribingJson object at 0x7fee8b95e1f0>]}
[0m18:34:06.249398 [info ] [MainThread]: Found 3 models, 4 tests, 0 snapshots, 0 analyses, 329 macros, 0 operations, 0 seed files, 0 sources, 0 exposures, 0 metrics
[0m18:34:06.251939 [debug] [MainThread]: Sending event: {'category': 'dbt', 'action': 'runnable_timing', 'label': 'e27b5226-2fb9-402d-88b2-f2f806b3f4ec', 'context': [<snowplow_tracker.self_describing_json.SelfDescribingJson object at 0x7fee8b95e550>]}
[0m18:34:06.273737 [info ] [MainThread]: 
[0m18:34:06.282770 [debug] [MainThread]: Acquiring new redshift connection 'master'
[0m18:34:06.291531 [debug] [ThreadPool]: Acquiring new redshift connection 'list_dev'
[0m18:34:06.339334 [debug] [ThreadPool]: Using redshift connection "list_dev"
[0m18:34:06.342894 [debug] [ThreadPool]: On list_dev: /* {"app": "dbt", "dbt_version": "1.4.5", "profile_name": "analytics_dbt", "target_name": "dev", "connection_name": "list_dev"} */

    select distinct nspname from pg_namespace
  
[0m18:34:06.356275 [debug] [ThreadPool]: Opening a new connection, currently in state init
[0m18:34:06.357907 [debug] [ThreadPool]: Redshift adapter: Connecting to Redshift using 'database' credentials
[0m18:34:07.013888 [debug] [ThreadPool]: SQL status: SELECT in 1 seconds
[0m18:34:07.018519 [debug] [ThreadPool]: On list_dev: Close
[0m18:34:07.025350 [debug] [ThreadPool]: Acquiring new redshift connection 'list_dev_public'
[0m18:34:07.046401 [debug] [ThreadPool]: Using redshift connection "list_dev_public"
[0m18:34:07.048137 [debug] [ThreadPool]: On list_dev_public: BEGIN
[0m18:34:07.049498 [debug] [ThreadPool]: Opening a new connection, currently in state init
[0m18:34:07.050980 [debug] [ThreadPool]: Redshift adapter: Connecting to Redshift using 'database' credentials
[0m18:34:07.649055 [debug] [ThreadPool]: SQL status: BEGIN in 1 seconds
[0m18:34:07.651931 [debug] [ThreadPool]: Using redshift connection "list_dev_public"
[0m18:34:07.653444 [debug] [ThreadPool]: On list_dev_public: /* {"app": "dbt", "dbt_version": "1.4.5", "profile_name": "analytics_dbt", "target_name": "dev", "connection_name": "list_dev_public"} */
select
      'dev' as database,
      tablename as name,
      schemaname as schema,
      'table' as type
    from pg_tables
    where schemaname ilike 'public'
    union all
    select
      'dev' as database,
      viewname as name,
      schemaname as schema,
      'view' as type
    from pg_views
    where schemaname ilike 'public'
  
[0m18:34:07.734782 [debug] [ThreadPool]: SQL status: SELECT in 0 seconds
[0m18:34:07.739132 [debug] [ThreadPool]: On list_dev_public: ROLLBACK
[0m18:34:07.802039 [debug] [ThreadPool]: On list_dev_public: Close
[0m18:34:07.826049 [debug] [MainThread]: Using redshift connection "master"
[0m18:34:07.828186 [debug] [MainThread]: On master: BEGIN
[0m18:34:07.829919 [debug] [MainThread]: Opening a new connection, currently in state init
[0m18:34:07.831885 [debug] [MainThread]: Redshift adapter: Connecting to Redshift using 'database' credentials
[0m18:34:08.437861 [debug] [MainThread]: SQL status: BEGIN in 1 seconds
[0m18:34:08.439293 [debug] [MainThread]: Using redshift connection "master"
[0m18:34:08.440775 [debug] [MainThread]: On master: /* {"app": "dbt", "dbt_version": "1.4.5", "profile_name": "analytics_dbt", "target_name": "dev", "connection_name": "master"} */
with relation as (
        select
            pg_rewrite.ev_class as class,
            pg_rewrite.oid as id
        from pg_rewrite
    ),
    class as (
        select
            oid as id,
            relname as name,
            relnamespace as schema,
            relkind as kind
        from pg_class
    ),
    dependency as (
        select distinct
            pg_depend.objid as id,
            pg_depend.refobjid as ref
        from pg_depend
    ),
    schema as (
        select
            pg_namespace.oid as id,
            pg_namespace.nspname as name
        from pg_namespace
        where nspname != 'information_schema' and nspname not like 'pg\_%'
    ),
    referenced as (
        select
            relation.id AS id,
            referenced_class.name ,
            referenced_class.schema ,
            referenced_class.kind
        from relation
        join class as referenced_class on relation.class=referenced_class.id
        where referenced_class.kind in ('r', 'v')
    ),
    relationships as (
        select
            referenced.name as referenced_name,
            referenced.schema as referenced_schema_id,
            dependent_class.name as dependent_name,
            dependent_class.schema as dependent_schema_id,
            referenced.kind as kind
        from referenced
        join dependency on referenced.id=dependency.id
        join class as dependent_class on dependency.ref=dependent_class.id
        where
            (referenced.name != dependent_class.name or
             referenced.schema != dependent_class.schema)
    )

    select
        referenced_schema.name as referenced_schema,
        relationships.referenced_name as referenced_name,
        dependent_schema.name as dependent_schema,
        relationships.dependent_name as dependent_name
    from relationships
    join schema as dependent_schema on relationships.dependent_schema_id=dependent_schema.id
    join schema as referenced_schema on relationships.referenced_schema_id=referenced_schema.id
    group by referenced_schema, referenced_name, dependent_schema, dependent_name
    order by referenced_schema, referenced_name, dependent_schema, dependent_name;
[0m18:34:08.600418 [debug] [MainThread]: SQL status: SELECT in 0 seconds
[0m18:34:08.604071 [debug] [MainThread]: Sending event: {'category': 'dbt', 'action': 'runnable_timing', 'label': 'e27b5226-2fb9-402d-88b2-f2f806b3f4ec', 'context': [<snowplow_tracker.self_describing_json.SelfDescribingJson object at 0x7fee8b8021f0>]}
[0m18:34:08.605713 [debug] [MainThread]: On master: ROLLBACK
[0m18:34:08.668713 [debug] [MainThread]: Using redshift connection "master"
[0m18:34:08.670290 [debug] [MainThread]: On master: BEGIN
[0m18:34:08.798029 [debug] [MainThread]: SQL status: BEGIN in 0 seconds
[0m18:34:08.799505 [debug] [MainThread]: On master: COMMIT
[0m18:34:08.800802 [debug] [MainThread]: Using redshift connection "master"
[0m18:34:08.802106 [debug] [MainThread]: On master: COMMIT
[0m18:34:08.864562 [debug] [MainThread]: SQL status: COMMIT in 0 seconds
[0m18:34:08.866071 [debug] [MainThread]: On master: Close
[0m18:34:08.868789 [info ] [MainThread]: Concurrency: 1 threads (target='dev')
[0m18:34:08.871798 [info ] [MainThread]: 
[0m18:34:08.888081 [debug] [Thread-1  ]: Began running node model.analytics_dbt.vw_sales
[0m18:34:08.891184 [info ] [Thread-1  ]: 1 of 1 START sql view model public.vw_sales .................................... [RUN]
[0m18:34:08.894335 [debug] [Thread-1  ]: Acquiring new redshift connection 'model.analytics_dbt.vw_sales'
[0m18:34:08.896112 [debug] [Thread-1  ]: Began compiling node model.analytics_dbt.vw_sales
[0m18:34:08.900589 [debug] [Thread-1  ]: Writing injected SQL for node "model.analytics_dbt.vw_sales"
[0m18:34:08.938952 [debug] [Thread-1  ]: Timing info for model.analytics_dbt.vw_sales (compile): 2023-04-07 18:34:08.897327 => 2023-04-07 18:34:08.938698
[0m18:34:08.940462 [debug] [Thread-1  ]: Began executing node model.analytics_dbt.vw_sales
[0m18:34:09.037497 [debug] [Thread-1  ]: Writing runtime sql for node "model.analytics_dbt.vw_sales"
[0m18:34:09.070571 [debug] [Thread-1  ]: Using redshift connection "model.analytics_dbt.vw_sales"
[0m18:34:09.072932 [debug] [Thread-1  ]: On model.analytics_dbt.vw_sales: BEGIN
[0m18:34:09.074226 [debug] [Thread-1  ]: Opening a new connection, currently in state closed
[0m18:34:09.075518 [debug] [Thread-1  ]: Redshift adapter: Connecting to Redshift using 'database' credentials
[0m18:34:10.023838 [debug] [Thread-1  ]: SQL status: BEGIN in 1 seconds
[0m18:34:10.025391 [debug] [Thread-1  ]: Using redshift connection "model.analytics_dbt.vw_sales"
[0m18:34:10.026622 [debug] [Thread-1  ]: On model.analytics_dbt.vw_sales: /* {"app": "dbt", "dbt_version": "1.4.5", "profile_name": "analytics_dbt", "target_name": "dev", "node_id": "model.analytics_dbt.vw_sales"} */


  create view "dev"."public"."vw_sales__dbt_tmp" as (
    WITH source_sales AS(
    SELECT *
    FROM sales
),

renamed AS (
    SELECT salesid as id_venda,
           listid as id_lista,
           sellerid as id_vendedor,
           buyerid as id_comprador,
           eventid as id_evento,
           dateid as id_date,
           qtysold as quantidade_vendida,
           pricepaid as valor_pago,
           commission as comissao,
           saletime as data_venda
    FROM source_sales
)

SELECT * FROM renamed
  ) ;

[0m18:34:10.094794 [debug] [Thread-1  ]: SQL status: CREATE VIEW in 0 seconds
[0m18:34:10.114281 [debug] [Thread-1  ]: Using redshift connection "model.analytics_dbt.vw_sales"
[0m18:34:10.115734 [debug] [Thread-1  ]: On model.analytics_dbt.vw_sales: /* {"app": "dbt", "dbt_version": "1.4.5", "profile_name": "analytics_dbt", "target_name": "dev", "node_id": "model.analytics_dbt.vw_sales"} */
alter table "dev"."public"."vw_sales" rename to "vw_sales__dbt_backup"
[0m18:34:10.179820 [debug] [Thread-1  ]: SQL status: ALTER TABLE in 0 seconds
[0m18:34:10.187208 [debug] [Thread-1  ]: Using redshift connection "model.analytics_dbt.vw_sales"
[0m18:34:10.188534 [debug] [Thread-1  ]: On model.analytics_dbt.vw_sales: /* {"app": "dbt", "dbt_version": "1.4.5", "profile_name": "analytics_dbt", "target_name": "dev", "node_id": "model.analytics_dbt.vw_sales"} */
alter table "dev"."public"."vw_sales__dbt_tmp" rename to "vw_sales"
[0m18:34:10.252780 [debug] [Thread-1  ]: SQL status: ALTER TABLE in 0 seconds
[0m18:34:10.302972 [debug] [Thread-1  ]: On model.analytics_dbt.vw_sales: COMMIT
[0m18:34:10.304355 [debug] [Thread-1  ]: Using redshift connection "model.analytics_dbt.vw_sales"
[0m18:34:10.305521 [debug] [Thread-1  ]: On model.analytics_dbt.vw_sales: COMMIT
[0m18:34:10.669799 [debug] [Thread-1  ]: SQL status: COMMIT in 0 seconds
[0m18:34:10.671575 [debug] [Thread-1  ]: Using redshift connection "model.analytics_dbt.vw_sales"
[0m18:34:10.673082 [debug] [Thread-1  ]: On model.analytics_dbt.vw_sales: BEGIN
[0m18:34:10.736479 [debug] [Thread-1  ]: SQL status: BEGIN in 0 seconds
[0m18:34:10.753310 [debug] [Thread-1  ]: Using redshift connection "model.analytics_dbt.vw_sales"
[0m18:34:10.754797 [debug] [Thread-1  ]: On model.analytics_dbt.vw_sales: /* {"app": "dbt", "dbt_version": "1.4.5", "profile_name": "analytics_dbt", "target_name": "dev", "node_id": "model.analytics_dbt.vw_sales"} */
drop view if exists "dev"."public"."vw_sales__dbt_backup" cascade
[0m18:34:10.820482 [debug] [Thread-1  ]: SQL status: DROP VIEW in 0 seconds
[0m18:34:10.825028 [debug] [Thread-1  ]: On model.analytics_dbt.vw_sales: COMMIT
[0m18:34:10.826885 [debug] [Thread-1  ]: Using redshift connection "model.analytics_dbt.vw_sales"
[0m18:34:10.828716 [debug] [Thread-1  ]: On model.analytics_dbt.vw_sales: COMMIT
[0m18:34:10.919274 [debug] [Thread-1  ]: SQL status: COMMIT in 0 seconds
[0m18:34:10.920949 [debug] [Thread-1  ]: Using redshift connection "model.analytics_dbt.vw_sales"
[0m18:34:10.922558 [debug] [Thread-1  ]: On model.analytics_dbt.vw_sales: BEGIN
[0m18:34:10.987783 [debug] [Thread-1  ]: SQL status: BEGIN in 0 seconds
[0m18:34:10.990529 [debug] [Thread-1  ]: Timing info for model.analytics_dbt.vw_sales (execute): 2023-04-07 18:34:08.941682 => 2023-04-07 18:34:10.990385
[0m18:34:10.992066 [debug] [Thread-1  ]: On model.analytics_dbt.vw_sales: ROLLBACK
[0m18:34:11.057713 [debug] [Thread-1  ]: On model.analytics_dbt.vw_sales: Close
[0m18:34:11.060900 [debug] [Thread-1  ]: Sending event: {'category': 'dbt', 'action': 'run_model', 'label': 'e27b5226-2fb9-402d-88b2-f2f806b3f4ec', 'context': [<snowplow_tracker.self_describing_json.SelfDescribingJson object at 0x7fee8b802190>]}
[0m18:34:11.063167 [info ] [Thread-1  ]: 1 of 1 OK created sql view model public.vw_sales ............................... [[32mCREATE VIEW[0m in 2.17s]
[0m18:34:11.067631 [debug] [Thread-1  ]: Finished running node model.analytics_dbt.vw_sales
[0m18:34:11.073054 [debug] [MainThread]: Acquiring new redshift connection 'master'
[0m18:34:11.075886 [debug] [MainThread]: Using redshift connection "master"
[0m18:34:11.077314 [debug] [MainThread]: On master: BEGIN
[0m18:34:11.078714 [debug] [MainThread]: Opening a new connection, currently in state closed
[0m18:34:11.080137 [debug] [MainThread]: Redshift adapter: Connecting to Redshift using 'database' credentials
[0m18:34:11.688897 [debug] [MainThread]: SQL status: BEGIN in 1 seconds
[0m18:34:11.690185 [debug] [MainThread]: On master: COMMIT
[0m18:34:11.691425 [debug] [MainThread]: Using redshift connection "master"
[0m18:34:11.692674 [debug] [MainThread]: On master: COMMIT
[0m18:34:11.767136 [debug] [MainThread]: SQL status: COMMIT in 0 seconds
[0m18:34:11.768804 [debug] [MainThread]: On master: Close
[0m18:34:11.771746 [debug] [MainThread]: Connection 'master' was properly closed.
[0m18:34:11.773814 [debug] [MainThread]: Connection 'list_dev' was properly closed.
[0m18:34:11.775204 [debug] [MainThread]: Connection 'model.analytics_dbt.vw_sales' was properly closed.
[0m18:34:11.777072 [info ] [MainThread]: 
[0m18:34:11.779186 [info ] [MainThread]: Finished running 1 view model in 0 hours 0 minutes and 5.50 seconds (5.50s).
[0m18:34:11.781996 [debug] [MainThread]: Command end result
[0m18:34:11.839955 [info ] [MainThread]: 
[0m18:34:11.842108 [info ] [MainThread]: [32mCompleted successfully[0m
[0m18:34:11.849606 [info ] [MainThread]: 
[0m18:34:11.852523 [info ] [MainThread]: Done. PASS=1 WARN=0 ERROR=0 SKIP=0 TOTAL=1
[0m18:34:11.864337 [debug] [MainThread]: Sending event: {'category': 'dbt', 'action': 'invocation', 'label': 'end', 'context': [<snowplow_tracker.self_describing_json.SelfDescribingJson object at 0x7fee8b937fd0>, <snowplow_tracker.self_describing_json.SelfDescribingJson object at 0x7fee89735880>, <snowplow_tracker.self_describing_json.SelfDescribingJson object at 0x7fee89735dc0>]}
[0m18:34:11.866178 [debug] [MainThread]: Flushing usage events


============================== 2023-04-07 18:38:50.481175 | d5acebf1-1a53-40d5-abb8-fa0279ff3c68 ==============================
[0m18:38:50.481175 [info ] [MainThread]: Running with dbt=1.4.5
[0m18:38:50.485616 [debug] [MainThread]: running dbt with arguments {'write_json': True, 'use_colors': True, 'printer_width': 80, 'version_check': True, 'partial_parse': True, 'static_parser': True, 'profiles_dir': '/root/.dbt', 'send_anonymous_usage_stats': True, 'quiet': False, 'no_print': False, 'cache_selected_only': False, 'select': ['models/views/vw_sales.sql'], 'which': 'run', 'rpc_method': 'run', 'indirect_selection': 'eager'}
[0m18:38:50.486849 [debug] [MainThread]: Tracking: tracking
[0m18:38:50.502904 [debug] [MainThread]: Sending event: {'category': 'dbt', 'action': 'invocation', 'label': 'start', 'context': [<snowplow_tracker.self_describing_json.SelfDescribingJson object at 0x7f5aff41b070>, <snowplow_tracker.self_describing_json.SelfDescribingJson object at 0x7f5aff41b490>, <snowplow_tracker.self_describing_json.SelfDescribingJson object at 0x7f5aff41b460>]}
[0m18:38:50.562183 [debug] [MainThread]: checksum: e05dd7cee44d39ae8ac27965cacd8a6d8d0ab4e8185101e0db84e98f79bee0b6, vars: {}, profile: None, target: None, version: 1.4.5
[0m18:38:51.118172 [debug] [MainThread]: Partial parsing enabled: 0 files deleted, 0 files added, 1 files changed.
[0m18:38:51.120019 [debug] [MainThread]: Partial parsing: updated file: analytics_dbt://models/views/vw_sales.sql
[0m18:38:51.160867 [debug] [MainThread]: 1699: static parser successfully parsed views/vw_sales.sql
[0m18:38:51.230983 [debug] [MainThread]: Sending event: {'category': 'dbt', 'action': 'load_project', 'label': 'd5acebf1-1a53-40d5-abb8-fa0279ff3c68', 'context': [<snowplow_tracker.self_describing_json.SelfDescribingJson object at 0x7f5aff2bf790>]}
[0m18:38:51.279440 [debug] [MainThread]: Sending event: {'category': 'dbt', 'action': 'resource_counts', 'label': 'd5acebf1-1a53-40d5-abb8-fa0279ff3c68', 'context': [<snowplow_tracker.self_describing_json.SelfDescribingJson object at 0x7f5aff2fc3d0>]}
[0m18:38:51.281087 [info ] [MainThread]: Found 3 models, 4 tests, 0 snapshots, 0 analyses, 329 macros, 0 operations, 0 seed files, 0 sources, 0 exposures, 0 metrics
[0m18:38:51.283861 [debug] [MainThread]: Sending event: {'category': 'dbt', 'action': 'runnable_timing', 'label': 'd5acebf1-1a53-40d5-abb8-fa0279ff3c68', 'context': [<snowplow_tracker.self_describing_json.SelfDescribingJson object at 0x7f5aff399850>]}
[0m18:38:51.304292 [info ] [MainThread]: 
[0m18:38:51.309235 [debug] [MainThread]: Acquiring new redshift connection 'master'
[0m18:38:51.312709 [debug] [ThreadPool]: Acquiring new redshift connection 'list_dev'
[0m18:38:51.355083 [debug] [ThreadPool]: Using redshift connection "list_dev"
[0m18:38:51.356488 [debug] [ThreadPool]: On list_dev: /* {"app": "dbt", "dbt_version": "1.4.5", "profile_name": "analytics_dbt", "target_name": "dev", "connection_name": "list_dev"} */

    select distinct nspname from pg_namespace
  
[0m18:38:51.358112 [debug] [ThreadPool]: Opening a new connection, currently in state init
[0m18:38:51.359822 [debug] [ThreadPool]: Redshift adapter: Connecting to Redshift using 'database' credentials
[0m18:38:52.007338 [debug] [ThreadPool]: SQL status: SELECT in 1 seconds
[0m18:38:52.011132 [debug] [ThreadPool]: On list_dev: Close
[0m18:38:52.017581 [debug] [ThreadPool]: Acquiring new redshift connection 'list_dev_public'
[0m18:38:52.036198 [debug] [ThreadPool]: Using redshift connection "list_dev_public"
[0m18:38:52.037562 [debug] [ThreadPool]: On list_dev_public: BEGIN
[0m18:38:52.038884 [debug] [ThreadPool]: Opening a new connection, currently in state closed
[0m18:38:52.040168 [debug] [ThreadPool]: Redshift adapter: Connecting to Redshift using 'database' credentials
[0m18:38:53.863733 [debug] [ThreadPool]: SQL status: BEGIN in 2 seconds
[0m18:38:53.865347 [debug] [ThreadPool]: Using redshift connection "list_dev_public"
[0m18:38:53.866751 [debug] [ThreadPool]: On list_dev_public: /* {"app": "dbt", "dbt_version": "1.4.5", "profile_name": "analytics_dbt", "target_name": "dev", "connection_name": "list_dev_public"} */
select
      'dev' as database,
      tablename as name,
      schemaname as schema,
      'table' as type
    from pg_tables
    where schemaname ilike 'public'
    union all
    select
      'dev' as database,
      viewname as name,
      schemaname as schema,
      'view' as type
    from pg_views
    where schemaname ilike 'public'
  
[0m18:38:53.943623 [debug] [ThreadPool]: SQL status: SELECT in 0 seconds
[0m18:38:53.947496 [debug] [ThreadPool]: On list_dev_public: ROLLBACK
[0m18:38:54.009334 [debug] [ThreadPool]: On list_dev_public: Close
[0m18:38:54.025609 [debug] [MainThread]: Using redshift connection "master"
[0m18:38:54.027213 [debug] [MainThread]: On master: BEGIN
[0m18:38:54.028745 [debug] [MainThread]: Opening a new connection, currently in state init
[0m18:38:54.030040 [debug] [MainThread]: Redshift adapter: Connecting to Redshift using 'database' credentials
[0m18:38:54.883773 [debug] [MainThread]: SQL status: BEGIN in 1 seconds
[0m18:38:54.885172 [debug] [MainThread]: Using redshift connection "master"
[0m18:38:54.886572 [debug] [MainThread]: On master: /* {"app": "dbt", "dbt_version": "1.4.5", "profile_name": "analytics_dbt", "target_name": "dev", "connection_name": "master"} */
with relation as (
        select
            pg_rewrite.ev_class as class,
            pg_rewrite.oid as id
        from pg_rewrite
    ),
    class as (
        select
            oid as id,
            relname as name,
            relnamespace as schema,
            relkind as kind
        from pg_class
    ),
    dependency as (
        select distinct
            pg_depend.objid as id,
            pg_depend.refobjid as ref
        from pg_depend
    ),
    schema as (
        select
            pg_namespace.oid as id,
            pg_namespace.nspname as name
        from pg_namespace
        where nspname != 'information_schema' and nspname not like 'pg\_%'
    ),
    referenced as (
        select
            relation.id AS id,
            referenced_class.name ,
            referenced_class.schema ,
            referenced_class.kind
        from relation
        join class as referenced_class on relation.class=referenced_class.id
        where referenced_class.kind in ('r', 'v')
    ),
    relationships as (
        select
            referenced.name as referenced_name,
            referenced.schema as referenced_schema_id,
            dependent_class.name as dependent_name,
            dependent_class.schema as dependent_schema_id,
            referenced.kind as kind
        from referenced
        join dependency on referenced.id=dependency.id
        join class as dependent_class on dependency.ref=dependent_class.id
        where
            (referenced.name != dependent_class.name or
             referenced.schema != dependent_class.schema)
    )

    select
        referenced_schema.name as referenced_schema,
        relationships.referenced_name as referenced_name,
        dependent_schema.name as dependent_schema,
        relationships.dependent_name as dependent_name
    from relationships
    join schema as dependent_schema on relationships.dependent_schema_id=dependent_schema.id
    join schema as referenced_schema on relationships.referenced_schema_id=referenced_schema.id
    group by referenced_schema, referenced_name, dependent_schema, dependent_name
    order by referenced_schema, referenced_name, dependent_schema, dependent_name;
[0m18:38:55.048468 [debug] [MainThread]: SQL status: SELECT in 0 seconds
[0m18:38:55.051980 [debug] [MainThread]: Sending event: {'category': 'dbt', 'action': 'runnable_timing', 'label': 'd5acebf1-1a53-40d5-abb8-fa0279ff3c68', 'context': [<snowplow_tracker.self_describing_json.SelfDescribingJson object at 0x7f5aff438e50>]}
[0m18:38:55.053662 [debug] [MainThread]: On master: ROLLBACK
[0m18:38:55.117750 [debug] [MainThread]: Using redshift connection "master"
[0m18:38:55.119080 [debug] [MainThread]: On master: BEGIN
[0m18:38:55.266403 [debug] [MainThread]: SQL status: BEGIN in 0 seconds
[0m18:38:55.267835 [debug] [MainThread]: On master: COMMIT
[0m18:38:55.269279 [debug] [MainThread]: Using redshift connection "master"
[0m18:38:55.270589 [debug] [MainThread]: On master: COMMIT
[0m18:38:55.351350 [debug] [MainThread]: SQL status: COMMIT in 0 seconds
[0m18:38:55.352904 [debug] [MainThread]: On master: Close
[0m18:38:55.355971 [info ] [MainThread]: Concurrency: 1 threads (target='dev')
[0m18:38:55.383932 [info ] [MainThread]: 
[0m18:38:55.482319 [debug] [Thread-1  ]: Began running node model.analytics_dbt.vw_sales
[0m18:38:55.487110 [info ] [Thread-1  ]: 1 of 1 START sql view model public.vw_sales .................................... [RUN]
[0m18:38:55.491615 [debug] [Thread-1  ]: Acquiring new redshift connection 'model.analytics_dbt.vw_sales'
[0m18:38:55.493586 [debug] [Thread-1  ]: Began compiling node model.analytics_dbt.vw_sales
[0m18:38:55.500315 [debug] [Thread-1  ]: Writing injected SQL for node "model.analytics_dbt.vw_sales"
[0m18:38:55.551704 [debug] [Thread-1  ]: Timing info for model.analytics_dbt.vw_sales (compile): 2023-04-07 18:38:55.495404 => 2023-04-07 18:38:55.551432
[0m18:38:55.553471 [debug] [Thread-1  ]: Began executing node model.analytics_dbt.vw_sales
[0m18:38:55.665202 [debug] [Thread-1  ]: Writing runtime sql for node "model.analytics_dbt.vw_sales"
[0m18:38:55.697576 [debug] [Thread-1  ]: Using redshift connection "model.analytics_dbt.vw_sales"
[0m18:38:55.698906 [debug] [Thread-1  ]: On model.analytics_dbt.vw_sales: BEGIN
[0m18:38:55.703385 [debug] [Thread-1  ]: Opening a new connection, currently in state closed
[0m18:38:55.705269 [debug] [Thread-1  ]: Redshift adapter: Connecting to Redshift using 'database' credentials
[0m18:38:57.370497 [debug] [Thread-1  ]: SQL status: BEGIN in 2 seconds
[0m18:38:57.371941 [debug] [Thread-1  ]: Using redshift connection "model.analytics_dbt.vw_sales"
[0m18:38:57.373261 [debug] [Thread-1  ]: On model.analytics_dbt.vw_sales: /* {"app": "dbt", "dbt_version": "1.4.5", "profile_name": "analytics_dbt", "target_name": "dev", "node_id": "model.analytics_dbt.vw_sales"} */


  create view "dev"."public"."vw_sales__dbt_tmp" as (
    WITH source_sales AS(
    SELECT *
    FROM sales
),

renamed AS (
    SELECT salesid AS id_venda,
           listid AS id_lista,
           sellerid AS id_vendedor,
           buyerid AS id_comprador,
           eventid AS id_evento,
           dateid AS id_date,
           qtysold AS quantidade_vendida,
           pricepaid AS valor_pago,
           commission AS comissao,
           saletime AS data_venda,
           to_char(saletime, 'dd/mm/yyyy HH24:MI:SS') AS data_hora_venda,
           cast(saletime AS date) AS data_venda,
           to_char(saletime, 'HH24:MI:SS') AS hora_venda
    FROM source_sales
)

SELECT * FROM renamed
  ) ;

[0m18:38:57.483200 [debug] [Thread-1  ]: Postgres adapter: Postgres error: column "data_venda" duplicated

[0m18:38:57.493123 [debug] [Thread-1  ]: On model.analytics_dbt.vw_sales: ROLLBACK
[0m18:38:57.560028 [debug] [Thread-1  ]: Timing info for model.analytics_dbt.vw_sales (execute): 2023-04-07 18:38:55.554932 => 2023-04-07 18:38:57.559802
[0m18:38:57.561653 [debug] [Thread-1  ]: On model.analytics_dbt.vw_sales: Close
[0m18:38:57.577747 [debug] [Thread-1  ]: Database Error in model vw_sales (models/views/vw_sales.sql)
  column "data_venda" duplicated
  compiled Code at target/run/analytics_dbt/models/views/vw_sales.sql
[0m18:38:57.579936 [debug] [Thread-1  ]: Sending event: {'category': 'dbt', 'action': 'run_model', 'label': 'd5acebf1-1a53-40d5-abb8-fa0279ff3c68', 'context': [<snowplow_tracker.self_describing_json.SelfDescribingJson object at 0x7f5afe1fd280>]}
[0m18:38:57.582391 [error] [Thread-1  ]: 1 of 1 ERROR creating sql view model public.vw_sales ........................... [[31mERROR[0m in 2.09s]
[0m18:38:57.588822 [debug] [Thread-1  ]: Finished running node model.analytics_dbt.vw_sales
[0m18:38:57.594458 [debug] [MainThread]: Acquiring new redshift connection 'master'
[0m18:38:57.596077 [debug] [MainThread]: Using redshift connection "master"
[0m18:38:57.597904 [debug] [MainThread]: On master: BEGIN
[0m18:38:57.599394 [debug] [MainThread]: Opening a new connection, currently in state closed
[0m18:38:57.600942 [debug] [MainThread]: Redshift adapter: Connecting to Redshift using 'database' credentials
[0m18:38:58.195354 [debug] [MainThread]: SQL status: BEGIN in 1 seconds
[0m18:38:58.196932 [debug] [MainThread]: On master: COMMIT
[0m18:38:58.198348 [debug] [MainThread]: Using redshift connection "master"
[0m18:38:58.199928 [debug] [MainThread]: On master: COMMIT
[0m18:38:58.267715 [debug] [MainThread]: SQL status: COMMIT in 0 seconds
[0m18:38:58.269826 [debug] [MainThread]: On master: Close
[0m18:38:58.273013 [debug] [MainThread]: Connection 'master' was properly closed.
[0m18:38:58.274995 [debug] [MainThread]: Connection 'model.analytics_dbt.vw_sales' was properly closed.
[0m18:38:58.276723 [info ] [MainThread]: 
[0m18:38:58.278360 [info ] [MainThread]: Finished running 1 view model in 0 hours 0 minutes and 6.97 seconds (6.97s).
[0m18:38:58.284054 [debug] [MainThread]: Command end result
[0m18:38:58.348712 [info ] [MainThread]: 
[0m18:38:58.352048 [info ] [MainThread]: [31mCompleted with 1 error and 0 warnings:[0m
[0m18:38:58.355644 [info ] [MainThread]: 
[0m18:38:58.358689 [error] [MainThread]: [33mDatabase Error in model vw_sales (models/views/vw_sales.sql)[0m
[0m18:38:58.361184 [error] [MainThread]:   column "data_venda" duplicated
[0m18:38:58.363327 [error] [MainThread]:   compiled Code at target/run/analytics_dbt/models/views/vw_sales.sql
[0m18:38:58.366210 [info ] [MainThread]: 
[0m18:38:58.373435 [info ] [MainThread]: Done. PASS=0 WARN=0 ERROR=1 SKIP=0 TOTAL=1
[0m18:38:58.378031 [debug] [MainThread]: Sending event: {'category': 'dbt', 'action': 'invocation', 'label': 'end', 'context': [<snowplow_tracker.self_describing_json.SelfDescribingJson object at 0x7f5aff2fc370>, <snowplow_tracker.self_describing_json.SelfDescribingJson object at 0x7f5aff2fc3a0>, <snowplow_tracker.self_describing_json.SelfDescribingJson object at 0x7f5aff2bf670>]}
[0m18:38:58.379948 [debug] [MainThread]: Flushing usage events


============================== 2023-04-07 18:39:57.391430 | 3de0341b-c7aa-4f5a-bd55-93f62e7bc957 ==============================
[0m18:39:57.391430 [info ] [MainThread]: Running with dbt=1.4.5
[0m18:39:57.395081 [debug] [MainThread]: running dbt with arguments {'write_json': True, 'use_colors': True, 'printer_width': 80, 'version_check': True, 'partial_parse': True, 'static_parser': True, 'profiles_dir': '/root/.dbt', 'send_anonymous_usage_stats': True, 'quiet': False, 'no_print': False, 'cache_selected_only': False, 'select': ['models/views/vw_sales.sql'], 'which': 'run', 'rpc_method': 'run', 'indirect_selection': 'eager'}
[0m18:39:57.396512 [debug] [MainThread]: Tracking: tracking
[0m18:39:57.413896 [debug] [MainThread]: Sending event: {'category': 'dbt', 'action': 'invocation', 'label': 'start', 'context': [<snowplow_tracker.self_describing_json.SelfDescribingJson object at 0x7f615e9f2250>, <snowplow_tracker.self_describing_json.SelfDescribingJson object at 0x7f615e9f2670>, <snowplow_tracker.self_describing_json.SelfDescribingJson object at 0x7f615e9f2640>]}
[0m18:39:57.468359 [debug] [MainThread]: checksum: e05dd7cee44d39ae8ac27965cacd8a6d8d0ab4e8185101e0db84e98f79bee0b6, vars: {}, profile: None, target: None, version: 1.4.5
[0m18:39:58.061616 [debug] [MainThread]: Partial parsing enabled: 0 files deleted, 0 files added, 1 files changed.
[0m18:39:58.063406 [debug] [MainThread]: Partial parsing: updated file: analytics_dbt://models/views/vw_sales.sql
[0m18:39:58.094963 [debug] [MainThread]: 1699: static parser successfully parsed views/vw_sales.sql
[0m18:39:58.159440 [debug] [MainThread]: Sending event: {'category': 'dbt', 'action': 'load_project', 'label': '3de0341b-c7aa-4f5a-bd55-93f62e7bc957', 'context': [<snowplow_tracker.self_describing_json.SelfDescribingJson object at 0x7f615e89bbe0>]}
[0m18:39:58.206718 [debug] [MainThread]: Sending event: {'category': 'dbt', 'action': 'resource_counts', 'label': '3de0341b-c7aa-4f5a-bd55-93f62e7bc957', 'context': [<snowplow_tracker.self_describing_json.SelfDescribingJson object at 0x7f615e871f40>]}
[0m18:39:58.208306 [info ] [MainThread]: Found 3 models, 4 tests, 0 snapshots, 0 analyses, 329 macros, 0 operations, 0 seed files, 0 sources, 0 exposures, 0 metrics
[0m18:39:58.210823 [debug] [MainThread]: Sending event: {'category': 'dbt', 'action': 'runnable_timing', 'label': '3de0341b-c7aa-4f5a-bd55-93f62e7bc957', 'context': [<snowplow_tracker.self_describing_json.SelfDescribingJson object at 0x7f615e8d85e0>]}
[0m18:39:58.229231 [info ] [MainThread]: 
[0m18:39:58.233072 [debug] [MainThread]: Acquiring new redshift connection 'master'
[0m18:39:58.236326 [debug] [ThreadPool]: Acquiring new redshift connection 'list_dev'
[0m18:39:58.261494 [debug] [ThreadPool]: Using redshift connection "list_dev"
[0m18:39:58.262833 [debug] [ThreadPool]: On list_dev: /* {"app": "dbt", "dbt_version": "1.4.5", "profile_name": "analytics_dbt", "target_name": "dev", "connection_name": "list_dev"} */

    select distinct nspname from pg_namespace
  
[0m18:39:58.264169 [debug] [ThreadPool]: Opening a new connection, currently in state init
[0m18:39:58.265470 [debug] [ThreadPool]: Redshift adapter: Connecting to Redshift using 'database' credentials
[0m18:39:58.929260 [debug] [ThreadPool]: SQL status: SELECT in 1 seconds
[0m18:39:58.940376 [debug] [ThreadPool]: On list_dev: Close
[0m18:39:58.962606 [debug] [ThreadPool]: Acquiring new redshift connection 'list_dev_public'
[0m18:39:58.987549 [debug] [ThreadPool]: Using redshift connection "list_dev_public"
[0m18:39:58.989362 [debug] [ThreadPool]: On list_dev_public: BEGIN
[0m18:39:58.991015 [debug] [ThreadPool]: Opening a new connection, currently in state closed
[0m18:39:58.992560 [debug] [ThreadPool]: Redshift adapter: Connecting to Redshift using 'database' credentials
[0m18:39:59.616064 [debug] [ThreadPool]: SQL status: BEGIN in 1 seconds
[0m18:39:59.619694 [debug] [ThreadPool]: Using redshift connection "list_dev_public"
[0m18:39:59.622227 [debug] [ThreadPool]: On list_dev_public: /* {"app": "dbt", "dbt_version": "1.4.5", "profile_name": "analytics_dbt", "target_name": "dev", "connection_name": "list_dev_public"} */
select
      'dev' as database,
      tablename as name,
      schemaname as schema,
      'table' as type
    from pg_tables
    where schemaname ilike 'public'
    union all
    select
      'dev' as database,
      viewname as name,
      schemaname as schema,
      'view' as type
    from pg_views
    where schemaname ilike 'public'
  
[0m18:39:59.699665 [debug] [ThreadPool]: SQL status: SELECT in 0 seconds
[0m18:39:59.702886 [debug] [ThreadPool]: On list_dev_public: ROLLBACK
[0m18:39:59.767596 [debug] [ThreadPool]: On list_dev_public: Close
[0m18:39:59.812322 [debug] [MainThread]: Using redshift connection "master"
[0m18:39:59.814111 [debug] [MainThread]: On master: BEGIN
[0m18:39:59.815815 [debug] [MainThread]: Opening a new connection, currently in state init
[0m18:39:59.817573 [debug] [MainThread]: Redshift adapter: Connecting to Redshift using 'database' credentials
[0m18:40:00.423792 [debug] [MainThread]: SQL status: BEGIN in 1 seconds
[0m18:40:00.425338 [debug] [MainThread]: Using redshift connection "master"
[0m18:40:00.426722 [debug] [MainThread]: On master: /* {"app": "dbt", "dbt_version": "1.4.5", "profile_name": "analytics_dbt", "target_name": "dev", "connection_name": "master"} */
with relation as (
        select
            pg_rewrite.ev_class as class,
            pg_rewrite.oid as id
        from pg_rewrite
    ),
    class as (
        select
            oid as id,
            relname as name,
            relnamespace as schema,
            relkind as kind
        from pg_class
    ),
    dependency as (
        select distinct
            pg_depend.objid as id,
            pg_depend.refobjid as ref
        from pg_depend
    ),
    schema as (
        select
            pg_namespace.oid as id,
            pg_namespace.nspname as name
        from pg_namespace
        where nspname != 'information_schema' and nspname not like 'pg\_%'
    ),
    referenced as (
        select
            relation.id AS id,
            referenced_class.name ,
            referenced_class.schema ,
            referenced_class.kind
        from relation
        join class as referenced_class on relation.class=referenced_class.id
        where referenced_class.kind in ('r', 'v')
    ),
    relationships as (
        select
            referenced.name as referenced_name,
            referenced.schema as referenced_schema_id,
            dependent_class.name as dependent_name,
            dependent_class.schema as dependent_schema_id,
            referenced.kind as kind
        from referenced
        join dependency on referenced.id=dependency.id
        join class as dependent_class on dependency.ref=dependent_class.id
        where
            (referenced.name != dependent_class.name or
             referenced.schema != dependent_class.schema)
    )

    select
        referenced_schema.name as referenced_schema,
        relationships.referenced_name as referenced_name,
        dependent_schema.name as dependent_schema,
        relationships.dependent_name as dependent_name
    from relationships
    join schema as dependent_schema on relationships.dependent_schema_id=dependent_schema.id
    join schema as referenced_schema on relationships.referenced_schema_id=referenced_schema.id
    group by referenced_schema, referenced_name, dependent_schema, dependent_name
    order by referenced_schema, referenced_name, dependent_schema, dependent_name;
[0m18:40:00.590915 [debug] [MainThread]: SQL status: SELECT in 0 seconds
[0m18:40:00.600859 [debug] [MainThread]: Sending event: {'category': 'dbt', 'action': 'runnable_timing', 'label': '3de0341b-c7aa-4f5a-bd55-93f62e7bc957', 'context': [<snowplow_tracker.self_describing_json.SelfDescribingJson object at 0x7f615e871fd0>]}
[0m18:40:00.604924 [debug] [MainThread]: On master: ROLLBACK
[0m18:40:00.673363 [debug] [MainThread]: Using redshift connection "master"
[0m18:40:00.675346 [debug] [MainThread]: On master: BEGIN
[0m18:40:00.804511 [debug] [MainThread]: SQL status: BEGIN in 0 seconds
[0m18:40:00.805902 [debug] [MainThread]: On master: COMMIT
[0m18:40:00.807350 [debug] [MainThread]: Using redshift connection "master"
[0m18:40:00.808674 [debug] [MainThread]: On master: COMMIT
[0m18:40:00.872267 [debug] [MainThread]: SQL status: COMMIT in 0 seconds
[0m18:40:00.873583 [debug] [MainThread]: On master: Close
[0m18:40:00.876306 [info ] [MainThread]: Concurrency: 1 threads (target='dev')
[0m18:40:00.877961 [info ] [MainThread]: 
[0m18:40:00.890631 [debug] [Thread-1  ]: Began running node model.analytics_dbt.vw_sales
[0m18:40:00.892291 [info ] [Thread-1  ]: 1 of 1 START sql view model public.vw_sales .................................... [RUN]
[0m18:40:00.894649 [debug] [Thread-1  ]: Acquiring new redshift connection 'model.analytics_dbt.vw_sales'
[0m18:40:00.895969 [debug] [Thread-1  ]: Began compiling node model.analytics_dbt.vw_sales
[0m18:40:00.901859 [debug] [Thread-1  ]: Writing injected SQL for node "model.analytics_dbt.vw_sales"
[0m18:40:00.926314 [debug] [Thread-1  ]: Timing info for model.analytics_dbt.vw_sales (compile): 2023-04-07 18:40:00.897847 => 2023-04-07 18:40:00.926054
[0m18:40:00.928088 [debug] [Thread-1  ]: Began executing node model.analytics_dbt.vw_sales
[0m18:40:01.016629 [debug] [Thread-1  ]: Writing runtime sql for node "model.analytics_dbt.vw_sales"
[0m18:40:01.040432 [debug] [Thread-1  ]: Using redshift connection "model.analytics_dbt.vw_sales"
[0m18:40:01.041613 [debug] [Thread-1  ]: On model.analytics_dbt.vw_sales: BEGIN
[0m18:40:01.042797 [debug] [Thread-1  ]: Opening a new connection, currently in state closed
[0m18:40:01.043983 [debug] [Thread-1  ]: Redshift adapter: Connecting to Redshift using 'database' credentials
[0m18:40:01.704450 [debug] [Thread-1  ]: SQL status: BEGIN in 1 seconds
[0m18:40:01.707753 [debug] [Thread-1  ]: Using redshift connection "model.analytics_dbt.vw_sales"
[0m18:40:01.710544 [debug] [Thread-1  ]: On model.analytics_dbt.vw_sales: /* {"app": "dbt", "dbt_version": "1.4.5", "profile_name": "analytics_dbt", "target_name": "dev", "node_id": "model.analytics_dbt.vw_sales"} */


  create view "dev"."public"."vw_sales__dbt_tmp" as (
    WITH source_sales AS(
    SELECT *
    FROM sales
),

renamed AS (
    SELECT salesid AS id_venda,
           listid AS id_lista,
           sellerid AS id_vendedor,
           buyerid AS id_comprador,
           eventid AS id_evento,
           dateid AS id_date,
           qtysold AS quantidade_vendida,
           pricepaid AS valor_pago,
           commission AS comissao,
           to_char(saletime, 'dd/mm/yyyy HH24:MI:SS') AS data_hora_venda,
           cast(saletime AS date) AS data_venda,
           to_char(saletime, 'HH24:MI:SS') AS hora_venda
    FROM source_sales
)

SELECT * FROM renamed
  ) ;

[0m18:40:01.782269 [debug] [Thread-1  ]: SQL status: CREATE VIEW in 0 seconds
[0m18:40:01.802545 [debug] [Thread-1  ]: Using redshift connection "model.analytics_dbt.vw_sales"
[0m18:40:01.804172 [debug] [Thread-1  ]: On model.analytics_dbt.vw_sales: /* {"app": "dbt", "dbt_version": "1.4.5", "profile_name": "analytics_dbt", "target_name": "dev", "node_id": "model.analytics_dbt.vw_sales"} */
alter table "dev"."public"."vw_sales" rename to "vw_sales__dbt_backup"
[0m18:40:01.867665 [debug] [Thread-1  ]: SQL status: ALTER TABLE in 0 seconds
[0m18:40:01.875296 [debug] [Thread-1  ]: Using redshift connection "model.analytics_dbt.vw_sales"
[0m18:40:01.876628 [debug] [Thread-1  ]: On model.analytics_dbt.vw_sales: /* {"app": "dbt", "dbt_version": "1.4.5", "profile_name": "analytics_dbt", "target_name": "dev", "node_id": "model.analytics_dbt.vw_sales"} */
alter table "dev"."public"."vw_sales__dbt_tmp" rename to "vw_sales"
[0m18:40:01.940813 [debug] [Thread-1  ]: SQL status: ALTER TABLE in 0 seconds
[0m18:40:01.990963 [debug] [Thread-1  ]: On model.analytics_dbt.vw_sales: COMMIT
[0m18:40:01.992281 [debug] [Thread-1  ]: Using redshift connection "model.analytics_dbt.vw_sales"
[0m18:40:01.993488 [debug] [Thread-1  ]: On model.analytics_dbt.vw_sales: COMMIT
[0m18:40:02.084583 [debug] [Thread-1  ]: SQL status: COMMIT in 0 seconds
[0m18:40:02.090103 [debug] [Thread-1  ]: Using redshift connection "model.analytics_dbt.vw_sales"
[0m18:40:02.094178 [debug] [Thread-1  ]: On model.analytics_dbt.vw_sales: BEGIN
[0m18:40:02.163945 [debug] [Thread-1  ]: SQL status: BEGIN in 0 seconds
[0m18:40:02.208870 [debug] [Thread-1  ]: Using redshift connection "model.analytics_dbt.vw_sales"
[0m18:40:02.211866 [debug] [Thread-1  ]: On model.analytics_dbt.vw_sales: /* {"app": "dbt", "dbt_version": "1.4.5", "profile_name": "analytics_dbt", "target_name": "dev", "node_id": "model.analytics_dbt.vw_sales"} */
drop view if exists "dev"."public"."vw_sales__dbt_backup" cascade
[0m18:40:02.280529 [debug] [Thread-1  ]: SQL status: DROP VIEW in 0 seconds
[0m18:40:02.291583 [debug] [Thread-1  ]: On model.analytics_dbt.vw_sales: COMMIT
[0m18:40:02.294205 [debug] [Thread-1  ]: Using redshift connection "model.analytics_dbt.vw_sales"
[0m18:40:02.296760 [debug] [Thread-1  ]: On model.analytics_dbt.vw_sales: COMMIT
[0m18:40:02.387316 [debug] [Thread-1  ]: SQL status: COMMIT in 0 seconds
[0m18:40:02.390039 [debug] [Thread-1  ]: Using redshift connection "model.analytics_dbt.vw_sales"
[0m18:40:02.393843 [debug] [Thread-1  ]: On model.analytics_dbt.vw_sales: BEGIN
[0m18:40:02.461731 [debug] [Thread-1  ]: SQL status: BEGIN in 0 seconds
[0m18:40:02.464850 [debug] [Thread-1  ]: Timing info for model.analytics_dbt.vw_sales (execute): 2023-04-07 18:40:00.929349 => 2023-04-07 18:40:02.464669
[0m18:40:02.466406 [debug] [Thread-1  ]: On model.analytics_dbt.vw_sales: ROLLBACK
[0m18:40:02.529364 [debug] [Thread-1  ]: On model.analytics_dbt.vw_sales: Close
[0m18:40:02.532901 [debug] [Thread-1  ]: Sending event: {'category': 'dbt', 'action': 'run_model', 'label': '3de0341b-c7aa-4f5a-bd55-93f62e7bc957', 'context': [<snowplow_tracker.self_describing_json.SelfDescribingJson object at 0x7f615d7c2910>]}
[0m18:40:02.534878 [info ] [Thread-1  ]: 1 of 1 OK created sql view model public.vw_sales ............................... [[32mCREATE VIEW[0m in 1.64s]
[0m18:40:02.538578 [debug] [Thread-1  ]: Finished running node model.analytics_dbt.vw_sales
[0m18:40:02.544075 [debug] [MainThread]: Acquiring new redshift connection 'master'
[0m18:40:02.545382 [debug] [MainThread]: Using redshift connection "master"
[0m18:40:02.546688 [debug] [MainThread]: On master: BEGIN
[0m18:40:02.548041 [debug] [MainThread]: Opening a new connection, currently in state closed
[0m18:40:02.549211 [debug] [MainThread]: Redshift adapter: Connecting to Redshift using 'database' credentials
[0m18:40:03.139665 [debug] [MainThread]: SQL status: BEGIN in 1 seconds
[0m18:40:03.141363 [debug] [MainThread]: On master: COMMIT
[0m18:40:03.143010 [debug] [MainThread]: Using redshift connection "master"
[0m18:40:03.144548 [debug] [MainThread]: On master: COMMIT
[0m18:40:03.211078 [debug] [MainThread]: SQL status: COMMIT in 0 seconds
[0m18:40:03.214030 [debug] [MainThread]: On master: Close
[0m18:40:03.221768 [debug] [MainThread]: Connection 'master' was properly closed.
[0m18:40:03.224358 [debug] [MainThread]: Connection 'model.analytics_dbt.vw_sales' was properly closed.
[0m18:40:03.227503 [info ] [MainThread]: 
[0m18:40:03.231258 [info ] [MainThread]: Finished running 1 view model in 0 hours 0 minutes and 5.00 seconds (5.00s).
[0m18:40:03.237028 [debug] [MainThread]: Command end result
[0m18:40:03.304978 [info ] [MainThread]: 
[0m18:40:03.307517 [info ] [MainThread]: [32mCompleted successfully[0m
[0m18:40:03.309618 [info ] [MainThread]: 
[0m18:40:03.311493 [info ] [MainThread]: Done. PASS=1 WARN=0 ERROR=0 SKIP=0 TOTAL=1
[0m18:40:03.314274 [debug] [MainThread]: Sending event: {'category': 'dbt', 'action': 'invocation', 'label': 'end', 'context': [<snowplow_tracker.self_describing_json.SelfDescribingJson object at 0x7f615e9f2640>, <snowplow_tracker.self_describing_json.SelfDescribingJson object at 0x7f615ea17100>, <snowplow_tracker.self_describing_json.SelfDescribingJson object at 0x7f615e8d8520>]}
[0m18:40:03.315716 [debug] [MainThread]: Flushing usage events
